"../../../Engine/Content/Animation/DefaultAnimCurveCompressionSettings.uasset" 0
"../../../Engine/Content/ArtTools/RenderToTexture/Enums/RenderToTexture_Enum.uasset" 1
"../../../Engine/Content/ArtTools/RenderToTexture/Enums/RenderToTexture_Flipbook_Enum.uasset" 2
"../../../Engine/Content/ArtTools/RenderToTexture/Enums/RenderToTexture_Imposter_Enum.uasset" 3
"../../../Engine/Content/EditorBlueprintResources/StandardMacros.uasset" 4
"../../../Engine/Content/ArtTools/RenderToTexture/Enums/EIntTypes.uasset" 5
"../../../Engine/Content/ArtTools/RenderToTexture/Macros/RenderToTextureFunctionLibrary.uasset" 6
"../../../Engine/Content/ArtTools/RenderToTexture/Enums/EFloatTypes.uasset" 7
"../../../Engine/Content/ArtTools/RenderToTexture/Macros/RenderToTextureMacros.uasset" 8
"../../../Engine/Content/Functions/Engine_MaterialFunctions01/Opacity/CameraDepthFade.uasset" 9
"../../../Engine/Content/EngineMaterials/T_Default_Material_Grid_M.uasset" 10
"../../../Engine/Content/EngineMaterials/T_Default_Material_Grid_N.uasset" 11
"../../../Engine/Content/EngineMaterials/WorldGridMaterial.uasset" 12
"../../../Engine/Content/ArtTools/RenderToTexture/Meshes/S_1_Unit_Plane.uasset" 13
"../../../Engine/Content/EngineMaterials/DefaultMaterial.uasset" 14
"../../../Engine/Content/BasicShapes/Cone.uasset" 15
"../../../Engine/Content/BasicShapes/Cube.uasset" 16
"../../../Engine/Content/BasicShapes/Cylinder.uasset" 17
"../../../Engine/Content/BasicShapes/Plane.uasset" 18
"../../../Engine/Content/BasicShapes/Sphere.uasset" 19
"../../../Engine/Content/EngineMaterials/DefaultPhysicalMaterial.uasset" 20
"../../../Engine/Content/BufferVisualization/AmbientOcclusion.uasset" 21
"../../../Engine/Content/BufferVisualization/BaseColor.uasset" 22
"../../../Engine/Content/BufferVisualization/CustomDepth.uasset" 23
"../../../Engine/Content/Functions/Engine_MaterialFunctions02/Utility/VectorLength.uasset" 24
"../../../Engine/Content/BufferVisualization/CustomDepthWorldUnits.uasset" 25
"../../../Engine/Content/Functions/Engine_MaterialFunctions02/Utility/BreakOutFloat2Components.uasset" 26
"../../../Engine/Content/Functions/Engine_MaterialFunctions01/Texturing/ScaleUVsByCenter.uasset" 27
"../../../Engine/Content/Functions/Engine_MaterialFunctions02/ScreenResolution.uasset" 28
"../../../Engine/Content/Functions/Engine_MaterialFunctions02/Texturing/ScreenAlignedUVs.uasset" 29
"../../../Engine/Content/Functions/Engine_MaterialFunctions02/Utility/MakeFloat2.uasset" 30
"../../../Engine/Content/Functions/Engine_MaterialFunctions02/Utility/MakeFloat3.uasset" 31
"../../../Engine/Content/EngineMaterials/MiniFont.uasset" 32
"../../../Engine/Content/BufferVisualization/CustomStencil.uasset" 33
"../../../Engine/Content/BufferVisualization/FinalImage.uasset" 34
"../../../Engine/Content/BufferVisualization/LightingModel.uasset" 35
"../../../Engine/Content/BufferVisualization/MaterialAO.uasset" 36
"../../../Engine/Content/BufferVisualization/Metallic.uasset" 37
"../../../Engine/Content/BufferVisualization/Opacity.uasset" 38
"../../../Engine/Content/BufferVisualization/PostTonemapHDRColor.uasset" 39
"../../../Engine/Content/BufferVisualization/PreTonemapHDRColor.uasset" 40
"../../../Engine/Content/BufferVisualization/Roughness.uasset" 41
"../../../Engine/Content/BufferVisualization/SceneColor.uasset" 42
"../../../Engine/Content/BufferVisualization/SceneDepth.uasset" 43
"../../../Engine/Content/BufferVisualization/SceneDepthWorldUnits.uasset" 44
"../../../Engine/Content/BufferVisualization/SeparateTranslucencyA.uasset" 45
"../../../Engine/Content/BufferVisualization/SeparateTranslucencyRGB.uasset" 46
"../../../Engine/Content/BufferVisualization/Specular.uasset" 47
"../../../Engine/Content/BufferVisualization/SubsurfaceColor.uasset" 48
"../../../Engine/Content/BufferVisualization/Velocity.uasset" 49
"../../../Engine/Content/BufferVisualization/WorldNormal.uasset" 50
"../../../Engine/Content/EditorBlueprintResources/ActorMacros.uasset" 51
"../../../Engine/Content/EditorLandscapeResources/DataLayer.uasset" 52
"../../../Engine/Content/EditorLandscapeResources/DefaultAlphaTexture.uasset" 53
"../../../Engine/Content/EditorLandscapeResources/LandscapeGizmoHeight_Mat.uasset" 54
"../../../Engine/Content/EditorLandscapeResources/LandscapeGizmo_Mat.uasset" 55
"../../../Engine/Content/EditorLandscapeResources/LandscapeGizmo_Mat_Copied.uasset" 56
"../../../Engine/Content/EditorLandscapeResources/SplineEditorMeshMat.uasset" 57
"../../../Engine/Content/EditorLandscapeResources/SplineEditorMesh.uasset" 58
"../../../Engine/Content/EditorMaterials/Cross.uasset" 59
"../../../Engine/Content/EditorMaterials/Cross_Mat.uasset" 60
"../../../Engine/Content/EditorMaterials/GizmoMaterial.uasset" 61
"../../../Engine/Content/Functions/Engine_MaterialFunctions02/ExampleContent/Textures/flipbook.uasset" 62
"../../../Engine/Content/Functions/Engine_MaterialFunctions02/Texturing/FlipBook.uasset" 63
"../../../Engine/Content/Functions/Engine_MaterialFunctions02/Utility/Sign.uasset" 64
"../../../Engine/Content/Functions/Engine_MaterialFunctions02/Utility/Round.uasset" 65
"../../../Engine/Content/EditorResources/T_EditorHelp.uasset" 66
"../../../Engine/Content/EditorMaterials/HelpActorMaterial.uasset" 67
"../../../Engine/Content/EditorMaterials/CompositeARGBLayer.uasset" 68
"../../../Engine/Content/EditorMaterials/TilingAALineIntegral.uasset" 69
"../../../Engine/Content/EditorMaterials/TilingAALineBoxFiltered.uasset" 70
"../../../Engine/Content/Functions/Engine_MaterialFunctions03/Procedurals/ComputeFilterWidth.uasset" 71
"../../../Engine/Content/EditorMaterials/TilingAADots.uasset" 72
"../../../Engine/Content/EngineMaterials/BlendFunc_DefBase.uasset" 73
"../../../Engine/Content/EngineMaterials/BlendFunc_DefBlend.uasset" 74
"../../../Engine/Content/Functions/Engine_MaterialFunctions03/Blends/Blend_Screen.uasset" 75
"../../../Engine/Content/EditorMaterials/TilingAAGrid.uasset" 76
"../../../Engine/Content/EditorMaterials/LevelGridMaterial.uasset" 77
"../../../Engine/Content/EditorMaterials/MakeCompositeARGBLayer.uasset" 78
"../../../Engine/Content/EditorResources/LevelGrid1DStripes.uasset" 79
"../../../Engine/Content/EditorMaterials/TextureGridCascaded1D.uasset" 80
"../../../Engine/Content/EditorMaterials/TextureGridCascaded2D.uasset" 81
"../../../Engine/Content/EditorMaterials/LevelGridMaterial2.uasset" 82
"../../../Engine/Content/EditorMaterials/MAT_Groups_Toggle.uasset" 83
"../../../Engine/Content/EditorMaterials/MAT_Groups_Visibility.uasset" 84
"../../../Engine/Content/EditorMaterials/PhAT_BoneSelectedMaterial.uasset" 85
"../../../Engine/Content/EditorMaterials/PhAT_ElemSelectedMaterial.uasset" 86
"../../../Engine/Content/EditorMaterials/PhAT_NoCollisionMaterial.uasset" 87
"../../../Engine/Content/EditorMaterials/PhAT_UnselectedMaterial.uasset" 88
"../../../Engine/Content/EditorMaterials/PreviewShadowIndicator.uasset" 89
"../../../Engine/Content/EditorMaterials/PreviewShadowIndicatorMaterial.uasset" 90
"../../../Engine/Content/EditorMaterials/TargetIcon.uasset" 91
"../../../Engine/Content/EditorMaterials/Tick.uasset" 92
"../../../Engine/Content/EditorMaterials/Tick_Mat.uasset" 93
"../../../Engine/Content/EditorMaterials/WidgetGridVertexColorMaterial.uasset" 94
"../../../Engine/Content/EditorMaterials/WidgetGridVertexColorMaterial_Ma.uasset" 95
"../../../Engine/Content/EditorMaterials/WidgetMaterial.uasset" 96
"../../../Engine/Content/EditorMaterials/WidgetMaterial_Current.uasset" 97
"../../../Engine/Content/EditorMaterials/WidgetMaterial_X.uasset" 98
"../../../Engine/Content/EditorMaterials/WidgetMaterial_Y.uasset" 99
"../../../Engine/Content/EditorMaterials/WidgetMaterial_Z.uasset" 100
"../../../Engine/Content/EditorMaterials/WidgetVertexColorMaterial.uasset" 101
"../../../Engine/Content/EditorMaterials/AssetViewer/EpicQuadPanorama_CC+EV1.uasset" 102
"../../../Engine/Content/MapTemplates/Sky/SunsetAmbientCubemap.uasset" 103
"../../../Engine/Content/EditorMaterials/AssetViewer/M_SkyBox.uasset" 104
"../../../Engine/Content/EditorMaterials/MatineeGroups/MAT_ColorTrack.uasset" 105
"../../../Engine/Content/EditorMaterials/MatineeGroups/MAT_Groups_Anim.uasset" 106
"../../../Engine/Content/EditorMaterials/MatineeGroups/MAT_Groups_AudioMaster.uasset" 107
"../../../Engine/Content/EditorMaterials/MatineeGroups/MAT_Groups_Director.uasset" 108
"../../../Engine/Content/EditorMaterials/MatineeGroups/MAT_Groups_Event.uasset" 109
"../../../Engine/Content/EditorMaterials/MatineeGroups/MAT_Groups_Fade.uasset" 110
"../../../Engine/Content/EditorMaterials/MatineeGroups/MAT_Groups_Float.uasset" 111
"../../../Engine/Content/EditorMaterials/MatineeGroups/MAT_Groups_Move.uasset" 112
"../../../Engine/Content/EditorMaterials/MatineeGroups/MAT_Groups_Slomo.uasset" 113
"../../../Engine/Content/EditorMaterials/MatineeGroups/MAT_Groups_Sound.uasset" 114
"../../../Engine/Content/EditorMaterials/MatineeGroups/MAT_Groups_Vector.uasset" 115
"../../../Engine/Content/EditorMaterials/ParticleSystems/PSysThumbnail_NoImage.uasset" 116
"../../../Engine/Content/EditorMaterials/ParticleSystems/PSysThumbnail_OOD.uasset" 117
"../../../Engine/Content/EngineMaterials/Grid.uasset" 118
"../../../Engine/Content/EditorMaterials/Thumbnails/FloorPlaneMaterial.uasset" 119
"../../../Engine/Content/EditorMeshes/EditorCube.uasset" 120
"../../../Engine/Content/EditorMeshes/EditorCylinder.uasset" 121
"../../../Engine/Content/EditorMeshes/EditorPlane.uasset" 122
"../../../Engine/Content/EditorMaterials/Thumbnails/SkySphereMaterial.uasset" 123
"../../../Engine/Content/EditorMeshes/EditorSkySphere.uasset" 124
"../../../Engine/Content/EditorMeshes/EditorSphere.uasset" 125
"../../../Engine/Content/EditorResources/MatineeCam_D.uasset" 126
"../../../Engine/Content/EditorMaterials/MatineeCam_mat.uasset" 127
"../../../Engine/Content/EditorMeshes/MatineeCam_SM.uasset" 128
"../../../Engine/Content/EditorMeshes/PlanarReflectionPlane.uasset" 129
"../../../Engine/Content/Functions/Engine_MaterialFunctions01/Shading/ConvertFromDiffSpec.uasset" 130
"../../../Engine/Content/EditorMaterials/GridMaterial.uasset" 131
"../../../Engine/Content/EditorMeshes/AssetViewer/Floor_Mesh.uasset" 132
"../../../Engine/Content/EditorMeshes/AssetViewer/Sphere_inversenormals.uasset" 133
"../../../Engine/Content/EditorMaterials/Camera/CineMat.uasset" 134
"../../../Engine/Content/EditorMaterials/Camera/MI_CineMat_CameraBody.uasset" 135
"../../../Engine/Content/EngineDebugMaterials/M_SimpleOpaque.uasset" 136
"../../../Engine/Content/EditorMaterials/Camera/MI_CineMat_CamViewFinder.uasset" 137
"../../../Engine/Content/EditorMeshes/Camera/SM_CineCam.uasset" 138
"../../../Engine/Content/EditorMaterials/Camera/MI_CineMat_Rig.uasset" 139
"../../../Engine/Content/EditorMeshes/Camera/SM_CraneRig_Arm.uasset" 140
"../../../Engine/Content/EditorMeshes/Camera/SM_CraneRig_Base.uasset" 141
"../../../Engine/Content/EditorMeshes/Camera/SM_CraneRig_Body.uasset" 142
"../../../Engine/Content/EditorMeshes/Camera/SM_CraneRig_Mount.uasset" 143
"../../../Engine/Content/EditorMeshes/Camera/SM_RailRig_Mount.uasset" 144
"../../../Engine/Content/EditorMeshes/Camera/SM_RailRig_Track.uasset" 145
"../../../Engine/Content/EditorMeshes/ColorCalibrator/M_ChromeBall.uasset" 146
"../../../Engine/Content/EditorResources/Bad.uasset" 147
"../../../Engine/Content/EditorResources/BSPVertex.uasset" 148
"../../../Engine/Content/EditorResources/EmptyActor.uasset" 149
"../../../Engine/Content/EditorResources/MatInstActSprite.uasset" 150
"../../../Engine/Content/EditorResources/SceneManager.uasset" 151
"../../../Engine/Content/EditorResources/SmallFont.uasset" 152
"../../../Engine/Content/EditorResources/S_Actor.uasset" 153
"../../../Engine/Content/EditorResources/S_DecalActorIcon.uasset" 154
"../../../Engine/Content/EditorResources/S_Emitter.uasset" 155
"../../../Engine/Content/EditorResources/S_ExpoHeightFog.uasset" 156
"../../../Engine/Content/EditorResources/S_FTest.uasset" 157
"../../../Engine/Content/EditorResources/S_KBSJoint.uasset" 158
"../../../Engine/Content/EditorResources/S_KHinge.uasset" 159
"../../../Engine/Content/EditorResources/S_KPrismatic.uasset" 160
"../../../Engine/Content/EditorResources/S_LevelSequence.uasset" 161
"../../../Engine/Content/EditorResources/S_NavP.uasset" 162
"../../../Engine/Content/EditorResources/S_Note.uasset" 163
"../../../Engine/Content/EditorResources/S_Player.uasset" 164
"../../../Engine/Content/EditorResources/S_PortalActorIcon2.uasset" 165
"../../../Engine/Content/EditorResources/S_RadForce.uasset" 166
"../../../Engine/Content/EditorResources/S_ReflActorIcon.uasset" 167
"../../../Engine/Content/EditorResources/S_Solver.uasset" 168
"../../../Engine/Content/EditorResources/S_Terrain.uasset" 169
"../../../Engine/Content/EditorResources/S_TextRenderActorIcon.uasset" 170
"../../../Engine/Content/EditorResources/S_Thruster.uasset" 171
"../../../Engine/Content/EditorResources/S_Trigger.uasset" 172
"../../../Engine/Content/EditorResources/S_VectorFieldVol.uasset" 173
"../../../Engine/Content/EditorResources/S_WindDirectional.uasset" 174
"../../../Engine/Content/EditorResources/AI/S_NavLink.uasset" 175
"../../../Engine/Content/EditorResources/LightIcons/SkyLight.uasset" 176
"../../../Engine/Content/EditorResources/LightIcons/S_LightDirectional.uasset" 177
"../../../Engine/Content/EditorResources/LightIcons/S_LightDirectionalMove.uasset" 178
"../../../Engine/Content/EditorResources/LightIcons/S_LightError.uasset" 179
"../../../Engine/Content/EditorResources/LightIcons/S_LightPoint.uasset" 180
"../../../Engine/Content/EditorResources/LightIcons/S_LightPointMove.uasset" 181
"../../../Engine/Content/EditorResources/LightIcons/S_LightSpot.uasset" 182
"../../../Engine/Content/EditorResources/LightIcons/S_LightSpotMove.uasset" 183
"../../../Engine/Content/EditorResources/SequenceRecorder/Countdown.uasset" 184
"../../../Engine/Content/EditorResources/SequenceRecorder/RecordingIndicator.uasset" 185
"../../../Engine/Content/EditorResources/Spline/T_Loft_Spline.uasset" 186
"../../../Engine/Content/EditorSounds/Notifications/CompileFailed.uasset" 187
"../../../Engine/Content/EditorSounds/Notifications/CompileFailed_Cue.uasset" 188
"../../../Engine/Content/EditorSounds/Notifications/CompileSuccess.uasset" 189
"../../../Engine/Content/EditorSounds/Notifications/CompileStart_Cue.uasset" 190
"../../../Engine/Content/EditorSounds/Notifications/CompileSuccess_Cue.uasset" 191
"../../../Engine/Content/EngineDamageTypes/DmgTypeBP_Environmental.uasset" 192
"../../../Engine/Content/EngineDebugMaterials/HeatmapGradient.uasset" 193
"../../../Engine/Content/EngineDebugMaterials/BoneWeightMaterial.uasset" 194
"../../../Engine/Content/EngineDebugMaterials/ClothMaterial.uasset" 195
"../../../Engine/Content/EngineDebugMaterials/ClothMaterial_WF.uasset" 196
"../../../Engine/Content/EngineDebugMaterials/DebugEditorMaterial.uasset" 197
"../../../Engine/Content/EngineDebugMaterials/DebugMeshMaterial.uasset" 198
"../../../Engine/Content/EngineDebugMaterials/GeomMaterial.uasset" 199
"../../../Engine/Content/EngineDebugMaterials/LevelColorationLitMaterial.uasset" 200
"../../../Engine/Content/EngineDebugMaterials/LevelColorationUnlitMaterial.uasset" 201
"../../../Engine/Content/EngineMaterials/DefaultWhiteGrid.uasset" 202
"../../../Engine/Content/EngineDebugMaterials/MAT_LevelColorationLitLightmapUV.uasset" 203
"../../../Engine/Content/EngineDebugMaterials/M_SimpleTranslucent.uasset" 204
"../../../Engine/Content/Functions/Engine_MaterialFunctions02/Utility/CameraDirectionVector.uasset" 205
"../../../Engine/Content/EngineDebugMaterials/VolumeToRender.uasset" 206
"../../../Engine/Content/EngineDebugMaterials/M_VolumeRenderSphereTracePP.uasset" 207
"../../../Engine/Content/EngineDebugMaterials/ShadedLevelColorationLitMaterial.uasset" 208
"../../../Engine/Content/EngineDebugMaterials/ShadedLevelColorationUnlitMateri.uasset" 209
"../../../Engine/Content/EngineDebugMaterials/VertexColorMaterial.uasset" 210
"../../../Engine/Content/EngineDebugMaterials/VertexColorViewMode_AlphaAsColor.uasset" 211
"../../../Engine/Content/EngineDebugMaterials/VertexColorViewMode_BlueOnly.uasset" 212
"../../../Engine/Content/EngineDebugMaterials/VertexColorViewMode_ColorOnly.uasset" 213
"../../../Engine/Content/EngineDebugMaterials/VertexColorViewMode_GreenOnly.uasset" 214
"../../../Engine/Content/EngineDebugMaterials/VertexColorViewMode_RedOnly.uasset" 215
"../../../Engine/Content/EngineDebugMaterials/WireframeMaterial.uasset" 216
"../../../Engine/Content/EngineFonts/Faces/RobotoBold.uasset" 217
"../../../Engine/Content/EngineFonts/Faces/RobotoBoldItalic.uasset" 218
"../../../Engine/Content/EngineFonts/Faces/RobotoItalic.uasset" 219
"../../../Engine/Content/EngineFonts/Faces/RobotoLight.uasset" 220
"../../../Engine/Content/EngineFonts/Faces/RobotoRegular.uasset" 221
"../../../Engine/Content/EngineFonts/Roboto.uasset" 222
"../../../Engine/Content/EngineFonts/Faces/RobotoTiny.uasset" 223
"../../../Engine/Content/EngineFonts/RobotoTiny.uasset" 224
"../../../Engine/Content/EngineFonts/SmallFont.uasset" 225
"../../../Engine/Content/EngineFonts/TinyFont.uasset" 226
"../../../Engine/Content/EngineMaterials/BaseFlattenDiffuseMap.uasset" 227
"../../../Engine/Content/EngineMaterials/BaseFlattenEmissiveMap.uasset" 228
"../../../Engine/Content/EngineMaterials/BaseFlattenGrayscaleMap.uasset" 229
"../../../Engine/Content/EngineMaterials/BaseFlattenNormalMap.uasset" 230
"../../../Engine/Content/EngineMaterials/BaseFlattenMaterial.uasset" 231
"../../../Engine/Content/EngineResources/WhiteSquareTexture.uasset" 232
"../../../Engine/Content/EngineMaterials/BlinkingCaret.uasset" 233
"../../../Engine/Content/EngineMaterials/BlueNoise.uasset" 234
"../../../Engine/Content/EngineMaterials/DefaultBloomKernel.uasset" 235
"../../../Engine/Content/EngineMaterials/DefaultBokeh.uasset" 236
"../../../Engine/Content/EngineMaterials/DefaultDiffuse.uasset" 237
"../../../Engine/Content/EngineMaterials/DefaultDeferredDecalMaterial.uasset" 238
"../../../Engine/Content/EngineMaterials/DefaultLightFunctionMaterial.uasset" 239
"../../../Engine/Content/EngineMaterials/DefaultPostProcessMaterial.uasset" 240
"../../../Engine/Content/EngineFonts/RobotoDistanceField.uasset" 241
"../../../Engine/Content/EngineMaterials/DefaultTextMaterialOpaque.uasset" 242
"../../../Engine/Content/EngineMaterials/DefaultVirtualTextureMaterial.uasset" 243
"../../../Engine/Content/EngineMaterials/EditorBrushMaterial.uasset" 244
"../../../Engine/Content/EngineMaterials/DefaultWhiteGrid_Low.uasset" 245
"../../../Engine/Content/EngineMaterials/EmissiveMeshMaterial.uasset" 246
"../../../Engine/Content/EngineMaterials/Grid_N.uasset" 247
"../../../Engine/Content/EngineMaterials/HighResolutionScreenshotMaskFunction.uasset" 248
"../../../Engine/Content/EngineMaterials/HighResScreenshot.uasset" 249
"../../../Engine/Content/EngineMaterials/HighResScreenshotCaptureRegion.uasset" 250
"../../../Engine/Content/EngineMaterials/HighResScreenshotMask.uasset" 251
"../../../Engine/Content/EngineMaterials/LandscapeHolePhysicalMaterial.uasset" 252
"../../../Engine/Content/EngineMaterials/InvalidLightmapSettings.uasset" 253
"../../../Engine/Content/EngineMaterials/M_InvalidLightmapSettings.uasset" 254
"../../../Engine/Content/EngineMaterials/PaperDiffuse.uasset" 255
"../../../Engine/Content/EngineMaterials/PaperNormal.uasset" 256
"../../../Engine/Content/Functions/Engine_MaterialFunctions02/WorldPositionOffset/CameraOffset.uasset" 257
"../../../Engine/Content/EngineMaterials/PhAT_JointLimitMaterial.uasset" 258
"../../../Engine/Content/EngineMaterials/PhysMat_Rubber.uasset" 259
"../../../Engine/Content/EngineMaterials/PreintegratedSkinBRDF.uasset" 260
"../../../Engine/Content/EngineMaterials/RemoveSurfaceMaterial.uasset" 261
"../../../Engine/Content/EngineMaterials/WeightMapPlaceholderTexture.uasset" 262
"../../../Engine/Content/EngineMaterials/Widget3DPassThrough.uasset" 263
"../../../Engine/Content/EngineMaterials/Widget3DPassThrough_Masked.uasset" 264
"../../../Engine/Content/EngineMaterials/Widget3DPassThrough_Opaque.uasset" 265
"../../../Engine/Content/EngineMaterials/Widget3DPassThrough_Masked_OneSided.uasset" 266
"../../../Engine/Content/EngineMaterials/Widget3DPassThrough_Opaque_OneSided.uasset" 267
"../../../Engine/Content/EngineMaterials/Widget3DPassThrough_Translucent.uasset" 268
"../../../Engine/Content/EngineMaterials/Widget3DPassThrough_Translucent_OneSided.uasset" 269
"../../../Engine/Content/EngineMeshes/Cylinder.uasset" 270
"../../../Engine/Content/EngineMeshes/Sphere.uasset" 271
"../../../Engine/Content/EngineResources/Black.uasset" 272
"../../../Engine/Content/EngineResources/DefaultTextureCube.uasset" 273
"../../../Engine/Content/EngineResources/DefaultVolumeTexture2D.uasset" 274
"../../../Engine/Content/EngineResources/DefaultVolumeTexture.uasset" 275
"../../../Engine/Content/EngineResources/GradientTexture0.uasset" 276
"../../../Engine/Content/EngineResources/StreamingPauseIcon.uasset" 277
"../../../Engine/Content/EngineResources/M_StreamingPause.uasset" 278
"../../../Engine/Content/EngineSounds/Master.uasset" 279
"../../../Engine/Content/Functions/Engine_MaterialFunctions01/Shading/PowerToRoughness.uasset" 280
"../../../Engine/Content/Maps/Templates/Thumbnails/Default.uasset" 281
"../../../Engine/Content/Maps/Templates/Thumbnails/VR-Basic.uasset" 282
"../../../Engine/Content/MapTemplates/Sky/DaylightAmbientCubemap.uasset" 283
"../../../Engine/Content/MobileResources/T_MobileControls_texture.uasset" 284
"../../../Engine/Content/MobileResources/T_MobileMenu2.uasset" 285
"../../../Engine/Content/MobileResources/HUD/AnalogHat.uasset" 286
"../../../Engine/Content/MobileResources/HUD/VirtualJoystick_Background.uasset" 287
"../../../Engine/Content/MobileResources/HUD/VirtualJoystick_Thumb.uasset" 288
"../../../Engine/Content/MobileResources/HUD/DefaultVirtualJoysticks.uasset" 289
"../../../Engine/Content/MobileResources/HUD/LeftVirtualJoystickOnly.uasset" 290
"../../../Engine/Content/MobileResources/HUD/MobileHUDButton1_off.uasset" 291
"../../../Engine/Content/MobileResources/HUD/MobileHUDButton1_on.uasset" 292
"../../../Engine/Content/MobileResources/HUD/MobileHUDButton2_off.uasset" 293
"../../../Engine/Content/MobileResources/HUD/MobileHUDButton2_on.uasset" 294
"../../../Engine/Content/MobileResources/HUD/MobileHUDButton3.uasset" 295
"../../../Engine/Content/MobileResources/HUD/MobileHUDButtonFire.uasset" 296
"../../../Engine/Content/MobileResources/HUD/MobileHUDDirectionPad.uasset" 297
"../../../Engine/Content/MobileResources/HUD/MobileHUDDirectionPad2.uasset" 298
"../../../Engine/Content/MobileResources/HUD/MobileHUDDirectionPad3.uasset" 299
"../../../Engine/Content/MobileResources/HUD/MobileHUDDirectionStick.uasset" 300
"../../../Engine/Content/MobileResources/HUD/T_Castle_ThumbstickInner.uasset" 301
"../../../Engine/Content/MobileResources/HUD/T_Castle_ThumbstickOutter.uasset" 302
"../../../Engine/Content/Tutorial/ContentIntroCurve.uasset" 303
"../../../Engine/Content/Tutorial/Basics/LevelEditorAttract.uasset" 304
"../../../Engine/Content/Tutorial/Basics/TutorialAssets/icon_tab_Levels_40x.uasset" 305
"../../../Engine/Content/Tutorial/Basics/LevelEditorOverview.uasset" 306
"../../../Engine/Content/Tutorial/BlueprintTutorials/TutorialAssets/Blueprint_64x.uasset" 307
"../../../Engine/Content/Tutorial/BlueprintTutorials/BlueprintEditorTutorial.uasset" 308
"../../../Engine/Content/Tutorial/BlueprintTutorials/LevelBlueprintEditorOverview.uasset" 309
"../../../Engine/Content/Tutorial/BlueprintTutorials/TutorialAssets/Tutorial_BP_MacroLib.uasset" 310
"../../../Engine/Content/Tutorial/Mobile/TutorialAssets/android_Icon.uasset" 311
"../../../Engine/Content/Tutorial/Mobile/SettingUpAndroidTutorial.uasset" 312
"../../../Engine/Content/Tutorial/Paper2D/TutorialAssets/Paper2DSprite_TutorialIcon.uasset" 313
"../../../Engine/Content/Tutorial/Paper2D/SpriteEditorTutorial.uasset" 314
"../../../Engine/Content/VREditor/LaserPointer/VR_LaserPower_01.uasset" 315
"../../../Engine/Content/VREditor/TransformGizmo/TransformGizmoMaterial.uasset" 316
"../../../Engine/Content/VREditor/TransformGizmo/TranslucentTransformGizmoMaterial.uasset" 317
"../../../Engine/Content/VREditor/TransformGizmo/BoundingBoxCorner.uasset" 318
"../../../Engine/Content/VREditor/TransformGizmo/BoundingBoxEdge.uasset" 319
"../../../Engine/Content/VREditor/TransformGizmo/PlaneTranslationHandle.uasset" 320
"../../../Engine/Content/VREditor/TransformGizmo/Main.uasset" 321
"../../../Engine/Content/VREditor/TransformGizmo/Xray.uasset" 322
"../../../Engine/Content/VREditor/TransformGizmo/SM_Sequencer_Key.uasset" 323
"../../../Engine/Content/VREditor/TransformGizmo/SM_Sequencer_Node.uasset" 324
"C:/Users/utkse/Documents/Unreal Projects/MapGenerator/Content/ParagonRevenant/Characters/Global/MaterialLayers/Metal/T_Revenant_Body_Color_Overlay.uasset" 325
"../../Plugins/2D/Paper2D/Content/PlaceholderTextures/DummySpriteTexture.uasset" 326
"../../Plugins/2D/Paper2D/Content/DummySprite.uasset" 327
"../../Plugins/2D/Paper2D/Content/DefaultPaperTerrainMaterial.uasset" 328
"../../Plugins/2D/Paper2D/Content/DefaultSpriteMaterial.uasset" 329
"../../Plugins/2D/Paper2D/Content/MaskedUnlitSpriteMaterial.uasset" 330
"../../Plugins/2D/Paper2D/Content/OpaqueUnlitSpriteMaterial.uasset" 331
"../../Plugins/Enterprise/DatasmithContent/Content/Blueprints/FBXImporter/ArrayOfActor.uasset" 332
"../../Plugins/Enterprise/DatasmithContent/Content/Blueprints/FBXImporter/ArrayOfSwitch.uasset" 333
"../../Plugins/Enterprise/DatasmithContent/Content/Blueprints/FBXImporter/BP_SceneNode.uasset" 334
"../../Plugins/Enterprise/DatasmithContent/Content/Blueprints/FBXImporter/BP_Switch.uasset" 335
"../../Plugins/Enterprise/DatasmithContent/Content/Blueprints/FBXImporter/BP_SceneRoot.uasset" 336
"../../Plugins/Enterprise/DatasmithContent/Content/Blueprints/FBXImporter/FBXImporterUtils.uasset" 337
"../../Plugins/Enterprise/DatasmithContent/Content/Blueprints/FBXImporter/Animation/DeltaGenAnimationTrackType.uasset" 338
"../../Plugins/Enterprise/DatasmithContent/Content/Blueprints/FBXImporter/Animation/VREDAnimationTrackComponent.uasset" 339
"../../Plugins/Enterprise/DatasmithContent/Content/Blueprints/FBXImporter/Animation/VREDAnimationTrackType.uasset" 340
"../../Plugins/Enterprise/DatasmithContent/Content/Blueprints/FBXImporter/Animation/VREDAnimCurveComponent.uasset" 341
"../../Plugins/Enterprise/DatasmithContent/Content/Blueprints/FBXImporter/Animation/VREDAnimCurveType.uasset" 342
"../../Plugins/Enterprise/DatasmithContent/Content/Blueprints/FBXImporter/Variants/VariantSwitchType.uasset" 343
"../../Plugins/Enterprise/DatasmithContent/Content/Blueprints/FBXImporter/Variants/VREDVariantSwitchType.uasset" 344
"../../Plugins/Enterprise/DatasmithContent/Content/Blueprints/FBXImporter/Variants/VREDVariantType.uasset" 345
"../../Plugins/Runtime/Oculus/OculusVR/Content/OculusMR_RenderTarget.uasset" 346
"../../../Engine/Content/Functions/Engine_MaterialFunctions02/Utility/BreakOutFloat4Components.uasset" 347
"../../Plugins/Runtime/Oculus/OculusVR/Content/Materials/OculusMR_ChromaKey.uasset" 348
"../../Plugins/Runtime/Oculus/OculusVR/Content/Materials/OculusMR_ChromaKey_Lit.uasset" 349
"../../Plugins/Runtime/Oculus/OculusVR/Content/Materials/OculusMR_OpaqueColoredMaterial.uasset" 350
"../../Plugins/Runtime/Oculus/OculusVR/Content/Materials/OculusMR_WhiteMaterial.uasset" 351
"../../../Engine/Content/Maps/Entry_BuiltData.uasset" 352
"../../../Engine/Content/Maps/Entry.umap" 353
"C:/Users/utkse/Documents/Unreal Projects/MapGenerator/Content/ParagonRevenant/Characters/Heroes/Revenant/Meshes/Revenant_SkeletonRig.uasset" 354
"C:/Users/utkse/Documents/Unreal Projects/MapGenerator/Content/ParagonRevenant/Characters/Heroes/Revenant/Meshes/Revenant_Skeleton.uasset" 355
"C:/Users/utkse/Documents/Unreal Projects/MapGenerator/Content/ParagonRevenant/Characters/Heroes/Revenant/Animations/AimOffsets/Idle_AO_CC.uasset" 356
"C:/Users/utkse/Documents/Unreal Projects/MapGenerator/Content/ParagonRevenant/Characters/Heroes/Revenant/Animations/AimOffsets/Idle_AO_CD.uasset" 357
"C:/Users/utkse/Documents/Unreal Projects/MapGenerator/Content/ParagonRevenant/Characters/Heroes/Revenant/Animations/AimOffsets/Idle_AO_CU.uasset" 358
"C:/Users/utkse/Documents/Unreal Projects/MapGenerator/Content/ParagonRevenant/Characters/Heroes/Revenant/Animations/AimOffsets/Idle_AO_LC.uasset" 359
"C:/Users/utkse/Documents/Unreal Projects/MapGenerator/Content/ParagonRevenant/Characters/Heroes/Revenant/Animations/AimOffsets/Idle_AO_LD.uasset" 360
"C:/Users/utkse/Documents/Unreal Projects/MapGenerator/Content/ParagonRevenant/Characters/Heroes/Revenant/Animations/AimOffsets/Idle_AO_LU.uasset" 361
"C:/Users/utkse/Documents/Unreal Projects/MapGenerator/Content/ParagonRevenant/Characters/Heroes/Revenant/Animations/AimOffsets/Idle_AO_RC.uasset" 362
"C:/Users/utkse/Documents/Unreal Projects/MapGenerator/Content/ParagonRevenant/Characters/Heroes/Revenant/Animations/AimOffsets/Idle_AO_RD.uasset" 363
"C:/Users/utkse/Documents/Unreal Projects/MapGenerator/Content/ParagonRevenant/Characters/Heroes/Revenant/Animations/AimOffsets/Idle_AO_RU.uasset" 364
"C:/Users/utkse/Documents/Unreal Projects/MapGenerator/Content/ParagonRevenant/Characters/Heroes/Revenant/Animations/Idle.uasset" 365
"C:/Users/utkse/Documents/Unreal Projects/MapGenerator/Content/ParagonRevenant/Characters/Heroes/Revenant/Animations/AimOffsets/Revenant_Idle_AO.uasset" 366
"C:/Users/utkse/Documents/Unreal Projects/MapGenerator/Content/ParagonRevenant/Characters/Heroes/Revenant/Animations/LevelStart.uasset" 367
"C:/Users/utkse/Documents/Unreal Projects/MapGenerator/Content/ParagonRevenant/Characters/Heroes/Revenant/Animations/AnimBP_Revenant_Rigging.uasset" 368
"C:/Users/utkse/Documents/Unreal Projects/MapGenerator/Content/ParagonRevenant/Characters/Heroes/Revenant/Animations/LevelStart_Montage.uasset" 369
"C:/Users/utkse/Documents/Unreal Projects/MapGenerator/Content/ParagonRevenant/Characters/Heroes/Revenant/Animations/Jog_Fwd_Start.uasset" 370
"C:/Users/utkse/Documents/Unreal Projects/MapGenerator/Content/ParagonRevenant/Characters/Heroes/Revenant/Animations/Jog_Fwd_Stop.uasset" 371
"C:/Users/utkse/Documents/Unreal Projects/MapGenerator/Content/ParagonRevenant/Characters/Heroes/Revenant/Animations/Jump_Apex.uasset" 372
"C:/Users/utkse/Documents/Unreal Projects/MapGenerator/Content/ParagonRevenant/Characters/Heroes/Revenant/Animations/Jump_PreLand.uasset" 373
"C:/Users/utkse/Documents/Unreal Projects/MapGenerator/Content/ParagonRevenant/Characters/Heroes/Revenant/Animations/Jump_Recovery_Additive.uasset" 374
"C:/Users/utkse/Documents/Unreal Projects/MapGenerator/Content/ParagonRevenant/Characters/Heroes/Revenant/Animations/Jump_Start.uasset" 375
"C:/Users/utkse/Documents/Unreal Projects/MapGenerator/Content/ParagonRevenant/Characters/Heroes/Revenant/Animations/Jog_Fwd.uasset" 376
"C:/Users/utkse/Documents/Unreal Projects/MapGenerator/Content/ParagonRevenant/Characters/Heroes/Revenant/Animations/Jog_Fwd_CircleLeft.uasset" 377
"C:/Users/utkse/Documents/Unreal Projects/MapGenerator/Content/ParagonRevenant/Characters/Heroes/Revenant/Animations/Jog_Fwd_CircleRight.uasset" 378
"C:/Users/utkse/Documents/Unreal Projects/MapGenerator/Content/ParagonRevenant/Characters/Heroes/Revenant/Animations/Jog_Fwd_Downhill.uasset" 379
"C:/Users/utkse/Documents/Unreal Projects/MapGenerator/Content/ParagonRevenant/Characters/Heroes/Revenant/Animations/Jog_Fwd_Uphill.uasset" 380
"C:/Users/utkse/Documents/Unreal Projects/MapGenerator/Content/ParagonRevenant/Characters/Heroes/Revenant/Animations/Blendspaces/JogFwdSlopeLean.uasset" 381
"C:/Users/utkse/Documents/Unreal Projects/MapGenerator/Content/ParagonRevenant/Characters/Heroes/Revenant/Animations/Primary_Fire_Med.uasset" 382
"C:/Users/utkse/Documents/Unreal Projects/MapGenerator/Content/ParagonRevenant/Characters/Heroes/Revenant/Animations/Primary_Fire_Med_Montage.uasset" 383
"../../../Engine/Content/Functions/Engine_MaterialFunctions01/Gradient/LinearGradient.uasset" 384
"../../../Engine/Content/Functions/Engine_MaterialFunctions01/ImageAdjustment/CheapContrast.uasset" 385
"../../../Engine/Content/Functions/Engine_MaterialFunctions01/Shading/MetallicShading.uasset" 386
"../../../Engine/Content/Functions/Engine_MaterialFunctions01/Texturing/FlattenNormal.uasset" 387
"../../../Engine/Content/Functions/Engine_MaterialFunctions01/Texturing/WorldAlignedTexture.uasset" 388
"../../../Engine/Content/Functions/Engine_MaterialFunctions02/Texturing/ScreenAlignedPixelToPixelUVs.uasset" 389
"../../../Engine/Content/Functions/Engine_MaterialFunctions02/Utility/BlendAngleCorrectedNormals.uasset" 390
"../../../Engine/Content/Functions/Engine_MaterialFunctions02/Utility/BreakOutFloat3Components.uasset" 391
"../../../Engine/Content/Functions/Engine_MaterialFunctions02/Utility/DebugTimeSine.uasset" 392
"../../../Engine/Content/EngineMaterials/Good64x64TilingNoiseHighFreq.uasset" 393
"../../../Engine/Content/Functions/Engine_MaterialFunctions02/Utility/DitherTemporalAA.uasset" 394
"../../../Engine/Content/Functions/Engine_MaterialFunctions03/Blends/Lerp_ScratchGrime.uasset" 395
"../../../Engine/Content/Functions/MaterialLayerFunctions/MatLayerBlend_BakedNormal.uasset" 396
"../../../Engine/Content/Functions/MaterialLayerFunctions/MatLayerBlend_BreakBaseColor.uasset" 397
"../../../Engine/Content/Functions/MaterialLayerFunctions/MatLayerBlend_Emissive.uasset" 398
"../../../Engine/Content/Functions/MaterialLayerFunctions/MatLayerBlend_ModulateRoughness.uasset" 399
"../../../Engine/Content/Functions/MaterialLayerFunctions/MatLayerBlend_ModulateSpecular.uasset" 400
"../../../Engine/Content/Functions/MaterialLayerFunctions/MatLayerBlend_OverrideBaseColor.uasset" 401
"../../../Engine/Content/Functions/MaterialLayerFunctions/MatLayerBlend_OverrideMetalness.uasset" 402
"../../../Engine/Content/Functions/MaterialLayerFunctions/MatLayerBlend_OverrideOpacity.uasset" 403
"../../../Engine/Content/Functions/MaterialLayerFunctions/MatLayerBlend_ReplaceNormals.uasset" 404
"../../../Engine/Content/Functions/MaterialLayerFunctions/MatLayerBlend_Standard.uasset" 405
"../../../Engine/Content/Functions/MaterialLayerFunctions/MatLayerBlend_TenLayerBlend.uasset" 406
"../../../Engine/Content/Functions/MaterialLayerFunctions/MatLayerBlend_Tint.uasset" 407
"C:/Users/utkse/Documents/Unreal Projects/MapGenerator/Content/ParagonRevenant/Characters/Global/MaterialFunctions/MaterialLayerConstructors/MF_BaseColorTintAndContrast.uasset" 408
"C:/Users/utkse/Documents/Unreal Projects/MapGenerator/Content/ParagonRevenant/Characters/Global/MaterialFunctions/MaterialLayerConstructors/MF_RoughnessAdjustment.uasset" 409
"C:/Users/utkse/Documents/Unreal Projects/MapGenerator/Content/ParagonRevenant/Characters/Global/MaterialFunctions/MaterialLayerConstructors/MLC_ScratchAndGrime.uasset" 410
"../../../Engine/Content/EngineMaterials/DefaultNormal.uasset" 411
"C:/Users/utkse/Documents/Unreal Projects/MapGenerator/Content/ParagonRevenant/Characters/Global/MaterialFunctions/MaterialLayerConstructors/MLC_Standard.uasset" 412
"C:/Users/utkse/Documents/Unreal Projects/MapGenerator/Content/ParagonRevenant/Characters/Global/MaterialFunctions/MF_BrightnessAdjust.uasset" 413
"C:/Users/utkse/Documents/Unreal Projects/MapGenerator/Content/ParagonRevenant/Characters/Global/Textures/Noise/T_AtmosphericCloudNoise01.uasset" 414
"C:/Users/utkse/Documents/Unreal Projects/MapGenerator/Content/ParagonRevenant/Characters/Global/Textures/Noise/T_AtmosphericCloudNoise01_N.uasset" 415
"C:/Users/utkse/Documents/Unreal Projects/MapGenerator/Content/ParagonRevenant/Characters/Global/Textures/Noise/T_AtmosphericCloudNoise03.uasset" 416
"C:/Users/utkse/Documents/Unreal Projects/MapGenerator/Content/ParagonRevenant/Characters/Global/MaterialFunctions/MF_DeathFade.uasset" 417
"C:/Users/utkse/Documents/Unreal Projects/MapGenerator/Content/ParagonRevenant/Characters/Global/MaterialLayers/T_TestML_Mask.uasset" 418
"C:/Users/utkse/Documents/Unreal Projects/MapGenerator/Content/ParagonRevenant/Characters/Global/MaterialLayers/ML__Blank.uasset" 419
"C:/Users/utkse/Documents/Unreal Projects/MapGenerator/Content/ParagonRevenant/Characters/Global/MaterialFunctions/ParameterCollections/OrionGlobalGameplayCollection.uasset" 420
"C:/Users/utkse/Documents/Unreal Projects/MapGenerator/Content/ParagonRevenant/Characters/Global/MaterialFunctions/MF_HitFlash.uasset" 421
"C:/Users/utkse/Documents/Unreal Projects/MapGenerator/Content/ParagonRevenant/Characters/Global/MaterialLayers/Metal/T_Blue_Metal02.uasset" 422
"C:/Users/utkse/Documents/Unreal Projects/MapGenerator/Content/ParagonRevenant/Characters/Global/MaterialLayers/Rubber/T_Blank_N.uasset" 423
"C:/Users/utkse/Documents/Unreal Projects/MapGenerator/Content/ParagonRevenant/Characters/Global/MaterialLayers/Metal/ML_blue_Metal.uasset" 424
"C:/Users/utkse/Documents/Unreal Projects/MapGenerator/Content/ParagonRevenant/Characters/Global/MaterialFunctions/MF_OrionRimlight.uasset" 425
"C:/Users/utkse/Documents/Unreal Projects/MapGenerator/Content/ParagonRevenant/Characters/Global/MaterialFunctions/MF_CharacterEffects.uasset" 426
"C:/Users/utkse/Documents/Unreal Projects/MapGenerator/Content/ParagonRevenant/Characters/Global/MaterialFunctions/MF_Fuzz_Layer.uasset" 427
"C:/Users/utkse/Documents/Unreal Projects/MapGenerator/Content/ParagonRevenant/Characters/Global/Textures/T_Black_Linear.uasset" 428
"C:/Users/utkse/Documents/Unreal Projects/MapGenerator/Content/ParagonRevenant/Characters/Global/MaterialFunctions/MF_OrionCharacterAO.uasset" 429
"../../../Engine/Content/EngineMaterials/FlatNormal.uasset" 430
"C:/Users/utkse/Documents/Unreal Projects/MapGenerator/Content/ParagonRevenant/Characters/Global/MaterialLayers/Fabric/MF_ClothShading.uasset" 431
"C:/Users/utkse/Documents/Unreal Projects/MapGenerator/Content/ParagonRevenant/Characters/Global/MaterialLayers/Fabric/T_ML_Fabric_Blue_Medium_N.uasset" 432
"C:/Users/utkse/Documents/Unreal Projects/MapGenerator/Content/ParagonRevenant/Characters/Global/MaterialLayers/Fabric/T_ML_Fabric_Dirty.uasset" 433
"C:/Users/utkse/Documents/Unreal Projects/MapGenerator/Content/ParagonRevenant/Characters/Global/MaterialLayers/Fabric/ML_Fabric_Dirty.uasset" 434
"C:/Users/utkse/Documents/Unreal Projects/MapGenerator/Content/ParagonRevenant/Characters/Global/MaterialLayers/Fabric/T_Wool_Fabric_N.uasset" 435
"C:/Users/utkse/Documents/Unreal Projects/MapGenerator/Content/ParagonRevenant/Characters/Global/MaterialLayers/Fabric/T_Wool_Fabric_MASK.uasset" 436
"C:/Users/utkse/Documents/Unreal Projects/MapGenerator/Content/ParagonRevenant/Characters/Global/MaterialLayers/Fabric/ML_Wool_Fabric.uasset" 437
"C:/Users/utkse/Documents/Unreal Projects/MapGenerator/Content/ParagonRevenant/Characters/Global/MaterialLayers/Fabric/T_blank_Normal_N.uasset" 438
"C:/Users/utkse/Documents/Unreal Projects/MapGenerator/Content/ParagonRevenant/Characters/Global/MaterialLayers/Rubber/T_Rubber_2_N.uasset" 439
"C:/Users/utkse/Documents/Unreal Projects/MapGenerator/Content/ParagonRevenant/Characters/Global/MaterialLayers/Rubber/T_Rubber_2.uasset" 440
"C:/Users/utkse/Documents/Unreal Projects/MapGenerator/Content/ParagonRevenant/Characters/Global/MaterialLayers/Leather/ML_Tan_Leather.uasset" 441
"C:/Users/utkse/Documents/Unreal Projects/MapGenerator/Content/ParagonRevenant/Characters/Global/MaterialLayers/Leather/T_ML_FineLeather01_N.uasset" 442
"C:/Users/utkse/Documents/Unreal Projects/MapGenerator/Content/ParagonRevenant/Characters/Global/MaterialLayers/Leather/T_ML_FineLeather01.uasset" 443
"C:/Users/utkse/Documents/Unreal Projects/MapGenerator/Content/ParagonRevenant/Characters/Global/MaterialLayers/Leather/ML_ThinLeather01.uasset" 444
"C:/Users/utkse/Documents/Unreal Projects/MapGenerator/Content/ParagonRevenant/Characters/Global/MaterialLayers/Metal/T_Blank_N.uasset" 445
"C:/Users/utkse/Documents/Unreal Projects/MapGenerator/Content/ParagonRevenant/Characters/Global/MaterialLayers/Metal/T_ML_Gold_Metal01.uasset" 446
"C:/Users/utkse/Documents/Unreal Projects/MapGenerator/Content/ParagonRevenant/Characters/Global/MaterialLayers/Metal/ML_Gold_Metal02.uasset" 447
"C:/Users/utkse/Documents/Unreal Projects/MapGenerator/Content/ParagonRevenant/Characters/Global/MaterialLayers/Metal/T_Rust01_N.uasset" 448
"C:/Users/utkse/Documents/Unreal Projects/MapGenerator/Content/ParagonRevenant/Characters/Global/MaterialLayers/Metal/T_Rust01.uasset" 449
"C:/Users/utkse/Documents/Unreal Projects/MapGenerator/Content/ParagonRevenant/Characters/Global/MaterialLayers/Metal/ML_Rust01.uasset" 450
"C:/Users/utkse/Documents/Unreal Projects/MapGenerator/Content/ParagonRevenant/Characters/Global/Textures/Noise/T_AtmosphericCloudNoise04.uasset" 451
"C:/Users/utkse/Documents/Unreal Projects/MapGenerator/Content/ParagonRevenant/Characters/Heroes/Revenant/Materials/MF_RevanantUltimate.uasset" 452
"C:/Users/utkse/Documents/Unreal Projects/MapGenerator/Content/ParagonRevenant/Characters/Global/MaterialLayers/Fabric/T_Velvet_Thick_RGBA.uasset" 453
"C:/Users/utkse/Documents/Unreal Projects/MapGenerator/Content/ParagonRevenant/Characters/Global/MaterialLayers/Leather/T_Leather_Blue_N.uasset" 454
"C:/Users/utkse/Documents/Unreal Projects/MapGenerator/Content/ParagonRevenant/Characters/Heroes/Revenant/Materials/ML_Duster_Leather.uasset" 455
"C:/Users/utkse/Documents/Unreal Projects/MapGenerator/Content/ParagonRevenant/Characters/Global/MaterialLayers/Fabric/T_Fuzz_MASK.uasset" 456
"C:/Users/utkse/Documents/Unreal Projects/MapGenerator/Content/ParagonRevenant/Characters/Heroes/Revenant/Textures/T_Revenant_Arms_MASK.uasset" 457
"C:/Users/utkse/Documents/Unreal Projects/MapGenerator/Content/ParagonRevenant/Characters/Heroes/Revenant/Textures/T_Revenant_Arms_N.uasset" 458
"C:/Users/utkse/Documents/Unreal Projects/MapGenerator/Content/ParagonRevenant/Characters/Heroes/Revenant/Textures/T_Revenant_Arms_RGB.uasset" 459
"C:/Users/utkse/Documents/Unreal Projects/MapGenerator/Content/ParagonRevenant/Characters/Heroes/Revenant/Materials/M_Revenant_Arms.uasset" 460
"C:/Users/utkse/Documents/Unreal Projects/MapGenerator/Content/ParagonRevenant/Characters/Global/MaterialLayers/Leather/T_Dark_Leather_N.uasset" 461
"C:/Users/utkse/Documents/Unreal Projects/MapGenerator/Content/ParagonRevenant/Characters/Global/MaterialLayers/Leather/T_Light_Green.uasset" 462
"C:/Users/utkse/Documents/Unreal Projects/MapGenerator/Content/ParagonRevenant/Characters/Global/MaterialLayers/Leather/T_UnpleasentGreen.uasset" 463
"C:/Users/utkse/Documents/Unreal Projects/MapGenerator/Content/ParagonRevenant/Characters/Global/MaterialLayers/Leather/ML_Light_Leather01_Green.uasset" 464
"C:/Users/utkse/Documents/Unreal Projects/MapGenerator/Content/ParagonRevenant/Characters/Global/MaterialLayers/Synthetics/T_ML_CleanPlastic01.uasset" 465
"C:/Users/utkse/Documents/Unreal Projects/MapGenerator/Content/ParagonRevenant/Characters/Global/MaterialLayers/Metal/ML_DullPanelMetal.uasset" 466
"C:/Users/utkse/Documents/Unreal Projects/MapGenerator/Content/ParagonRevenant/Characters/Global/MaterialLayers/Fabric/T_Velvet_Thick_HEIGHT.uasset" 467
"C:/Users/utkse/Documents/Unreal Projects/MapGenerator/Content/ParagonRevenant/Characters/Heroes/Revenant/Textures/T_Revenant_Body_MASK.uasset" 468
"C:/Users/utkse/Documents/Unreal Projects/MapGenerator/Content/ParagonRevenant/Characters/Heroes/Revenant/Textures/T_Revenant_Body_MASK2.uasset" 469
"C:/Users/utkse/Documents/Unreal Projects/MapGenerator/Content/ParagonRevenant/Characters/Heroes/Revenant/Textures/T_Revenant_Body_N.uasset" 470
"C:/Users/utkse/Documents/Unreal Projects/MapGenerator/Content/ParagonRevenant/Characters/Heroes/Revenant/Textures/T_Revenant_Body_RGB.uasset" 471
"C:/Users/utkse/Documents/Unreal Projects/MapGenerator/Content/ParagonRevenant/Characters/Heroes/Revenant/Materials/M_Revenant_Body.uasset" 472
"C:/Users/utkse/Documents/Unreal Projects/MapGenerator/Content/ParagonRevenant/Characters/Global/MaterialLayers/ML_FlatColor.uasset" 473
"C:/Users/utkse/Documents/Unreal Projects/MapGenerator/Content/ParagonRevenant/Characters/Global/MaterialLayers/Synthetics/T_Rough_Plastic_N.uasset" 474
"C:/Users/utkse/Documents/Unreal Projects/MapGenerator/Content/ParagonRevenant/Characters/Global/MaterialLayers/Special/ML_IckyMuck.uasset" 475
"C:/Users/utkse/Documents/Unreal Projects/MapGenerator/Content/ParagonRevenant/Characters/Global/MaterialLayers/Water/Textures/T_WaterTrickle_N.uasset" 476
"C:/Users/utkse/Documents/Unreal Projects/MapGenerator/Content/ParagonRevenant/Characters/Global/MaterialLayers/Water/Textures/WaterFlow_Tiling01.uasset" 477
"C:/Users/utkse/Documents/Unreal Projects/MapGenerator/Content/ParagonRevenant/Characters/Global/Textures/Noise/T_noise_flamy_Tile.uasset" 478
"C:/Users/utkse/Documents/Unreal Projects/MapGenerator/Content/ParagonRevenant/Characters/Global/Textures/Noise/T_TilingNoise06.uasset" 479
"C:/Users/utkse/Documents/Unreal Projects/MapGenerator/Content/ParagonRevenant/Characters/Global/Textures/T_Flat_normal.uasset" 480
"C:/Users/utkse/Documents/Unreal Projects/MapGenerator/Content/ParagonRevenant/Characters/Global/Textures/T_Water_Screen_Noise_Soft2.uasset" 481
"C:/Users/utkse/Documents/Unreal Projects/MapGenerator/Content/ParagonRevenant/Characters/Heroes/Revenant/Materials/Revenant_SubsurfaceProfile.uasset" 482
"C:/Users/utkse/Documents/Unreal Projects/MapGenerator/Content/ParagonRevenant/Characters/Heroes/Revenant/Textures/T_Revenant_Weapon_N.uasset" 483
"C:/Users/utkse/Documents/Unreal Projects/MapGenerator/Content/ParagonRevenant/Characters/Heroes/Revenant/Textures/T_Revenant_Darkness_Flesh.uasset" 484
"C:/Users/utkse/Documents/Unreal Projects/MapGenerator/Content/ParagonRevenant/Characters/Heroes/Revenant/Textures/T_Revenant_Weapon_DisplacementMask.uasset" 485
"C:/Users/utkse/Documents/Unreal Projects/MapGenerator/Content/ParagonRevenant/Characters/Heroes/Revenant/Textures/T_Revenant_Weapon_RGB.uasset" 486
"C:/Users/utkse/Documents/Unreal Projects/MapGenerator/Content/ParagonRevenant/Characters/Heroes/Revenant/Materials/M_Revenant_Darkness_.uasset" 487
"../../../Engine/Content/Functions/Engine_MaterialFunctions01/ImageAdjustment/DeriveHDRfromLDR.uasset" 488
"../../../Engine/Content/Functions/Engine_MaterialFunctions02/Utility/VectorToRadialValue.uasset" 489
"C:/Users/utkse/Documents/Unreal Projects/MapGenerator/Content/ParagonRevenant/Characters/Global/Textures/T_Plasma_Aurora_Seamless.uasset" 490
"C:/Users/utkse/Documents/Unreal Projects/MapGenerator/Content/ParagonRevenant/Characters/Global/Textures/T_Turbulence_Seamless.uasset" 491
"C:/Users/utkse/Documents/Unreal Projects/MapGenerator/Content/ParagonRevenant/Characters/Heroes/Revenant/Materials/M_Revenant_EyesEffect.uasset" 492
"C:/Users/utkse/Documents/Unreal Projects/MapGenerator/Content/ParagonRevenant/Characters/Global/Textures/T_PerlinPlasma_Noisey_Packed.uasset" 493
"C:/Users/utkse/Documents/Unreal Projects/MapGenerator/Content/ParagonRevenant/Characters/Heroes/Revenant/Materials/M_Revenant_GlowEyes.uasset" 494
"C:/Users/utkse/Documents/Unreal Projects/MapGenerator/Content/ParagonRevenant/Characters/Heroes/Revenant/Materials/M_Revenant_GlowGun.uasset" 495
"C:/Users/utkse/Documents/Unreal Projects/MapGenerator/Content/ParagonRevenant/Characters/Global/MaterialFunctions/MF_Character_MaterialLayerQuality.uasset" 496
"C:/Users/utkse/Documents/Unreal Projects/MapGenerator/Content/ParagonRevenant/Characters/Global/MaterialLayers/Leather/ML_ThinLeather03.uasset" 497
"C:/Users/utkse/Documents/Unreal Projects/MapGenerator/Content/ParagonRevenant/Characters/Global/MaterialLayers/Metal/T_Blue_heat_Grime.uasset" 498
"C:/Users/utkse/Documents/Unreal Projects/MapGenerator/Content/ParagonRevenant/Characters/Global/MaterialLayers/Metal/ML_blue_heat.uasset" 499
"C:/Users/utkse/Documents/Unreal Projects/MapGenerator/Content/ParagonRevenant/Characters/Global/MaterialLayers/Metal/T_metal02.uasset" 500
"C:/Users/utkse/Documents/Unreal Projects/MapGenerator/Content/ParagonRevenant/Characters/Global/MaterialLayers/Metal/ML_Dirty_Gun_Metal_1.uasset" 501
"C:/Users/utkse/Documents/Unreal Projects/MapGenerator/Content/ParagonRevenant/Characters/Global/MaterialLayers/Metal/T_Primer_Black_Metal.uasset" 502
"C:/Users/utkse/Documents/Unreal Projects/MapGenerator/Content/ParagonRevenant/Characters/Global/MaterialLayers/Metal/T_Rough_Metal_N.uasset" 503
"C:/Users/utkse/Documents/Unreal Projects/MapGenerator/Content/ParagonRevenant/Characters/Global/MaterialLayers/Metal/ML_Gray_Gun_Metal.uasset" 504
"C:/Users/utkse/Documents/Unreal Projects/MapGenerator/Content/ParagonRevenant/Characters/Global/MaterialLayers/Wood/T_Wood02_N.uasset" 505
"C:/Users/utkse/Documents/Unreal Projects/MapGenerator/Content/ParagonRevenant/Characters/Global/MaterialLayers/Wood/T_Wood02_D.uasset" 506
"C:/Users/utkse/Documents/Unreal Projects/MapGenerator/Content/ParagonRevenant/Characters/Heroes/Revenant/Materials/ML_Revenant_Wood_Handel.uasset" 507
"C:/Users/utkse/Documents/Unreal Projects/MapGenerator/Content/ParagonRevenant/Characters/Heroes/Revenant/Textures/T_Revenant_Weapon_MASK.uasset" 508
"C:/Users/utkse/Documents/Unreal Projects/MapGenerator/Content/ParagonRevenant/Characters/Heroes/Revenant/Textures/T_Revenant_Weapon_MASK2.uasset" 509
"C:/Users/utkse/Documents/Unreal Projects/MapGenerator/Content/ParagonRevenant/Characters/Heroes/Revenant/Materials/M_Revenant_Gun.uasset" 510
"../../../Engine/Content/Functions/MaterialLayerFunctions/MatLayerBlend_NormalFlatten.uasset" 511
"C:/Users/utkse/Documents/Unreal Projects/MapGenerator/Content/ParagonRevenant/Characters/Global/MaterialLayers/Leather/T_SmoothLeather_D.uasset" 512
"C:/Users/utkse/Documents/Unreal Projects/MapGenerator/Content/ParagonRevenant/Characters/Global/MaterialLayers/Leather/T_WornLeather_01_N.uasset" 513
"C:/Users/utkse/Documents/Unreal Projects/MapGenerator/Content/ParagonRevenant/Characters/Global/MaterialLayers/Leather/ML_PeltLeather.uasset" 514
"C:/Users/utkse/Documents/Unreal Projects/MapGenerator/Content/ParagonRevenant/Characters/Heroes/Revenant/Textures/T_Revenant_Jacket_MASK.uasset" 515
"C:/Users/utkse/Documents/Unreal Projects/MapGenerator/Content/ParagonRevenant/Characters/Heroes/Revenant/Textures/T_Revenant_Jacket_N.uasset" 516
"C:/Users/utkse/Documents/Unreal Projects/MapGenerator/Content/ParagonRevenant/Characters/Heroes/Revenant/Textures/T_Revenant_Jacket_RGB.uasset" 517
"C:/Users/utkse/Documents/Unreal Projects/MapGenerator/Content/ParagonRevenant/Characters/Heroes/Revenant/Textures/T_Revenant_Jacket_Tint.uasset" 518
"C:/Users/utkse/Documents/Unreal Projects/MapGenerator/Content/ParagonRevenant/Characters/Heroes/Revenant/Materials/M_Revenant_Jacket.uasset" 519
"C:/Users/utkse/Documents/Unreal Projects/MapGenerator/Content/ParagonRevenant/Characters/Global/MaterialLayers/Synthetics/T_ML_PlasticPattern06_N.uasset" 520
"C:/Users/utkse/Documents/Unreal Projects/MapGenerator/Content/ParagonRevenant/Characters/Global/MaterialLayers/Rubber/ML_DarkSoft_Rubber2.uasset" 521
"C:/Users/utkse/Documents/Unreal Projects/MapGenerator/Content/ParagonRevenant/Characters/Heroes/Revenant/Materials/M_Revenant_Weapon.uasset" 522
"C:/Users/utkse/Documents/Unreal Projects/MapGenerator/Content/ParagonRevenant/Characters/Heroes/Revenant/Meshes/Revenant_Extents.uasset" 523
"C:/Users/utkse/Documents/Unreal Projects/MapGenerator/Content/ParagonRevenant/Characters/Heroes/Revenant/Meshes/Revenant.uasset" 524
"C:/Users/utkse/Documents/Unreal Projects/MapGenerator/Content/ParagonRevenant/Characters/Heroes/Revenant/RevenantPlayerCharacter.uasset" 525
"C:/Users/utkse/Documents/Unreal Projects/MapGenerator/Content/ParagonRevenant/Characters/Heroes/Revenant/Revenant_AnimBlueprint.uasset" 526
"../../../Engine/Content/Functions/MaterialLayerFunctions/MatLayerBlend_MultiplyBaseColor.uasset" 527
"C:/Users/utkse/Documents/Unreal Projects/MapGenerator/Content/ParagonRevenant/Characters/Heroes/Revenant/Skins/ChronoBoss/Textures/T_StarMap.uasset" 528
"C:/Users/utkse/Documents/Unreal Projects/MapGenerator/Content/ParagonRevenant/Characters/Heroes/Revenant/Skins/ChronoBoss/Material/M_Revenant_Arms.uasset" 529
"C:/Users/utkse/Documents/Unreal Projects/MapGenerator/Content/ParagonRevenant/Characters/Heroes/Revenant/Skins/ChronoBoss/Material/M_Revenant_Body.uasset" 530
"C:/Users/utkse/Documents/Unreal Projects/MapGenerator/Content/ParagonRevenant/Characters/Heroes/Revenant/Skins/ChronoBoss/Material/M_Revenant_GlowGun.uasset" 531
"C:/Users/utkse/Documents/Unreal Projects/MapGenerator/Content/ParagonRevenant/Characters/Heroes/Revenant/Skins/ChronoBoss/Material/M_Revenant_Gun.uasset" 532
"C:/Users/utkse/Documents/Unreal Projects/MapGenerator/Content/ParagonRevenant/Characters/Heroes/Revenant/Skins/ChronoBoss/Material/M_Revenant_Jacket.uasset" 533
"C:/Users/utkse/Documents/Unreal Projects/MapGenerator/Content/ParagonRevenant/Characters/Heroes/Revenant/Skins/ChronoBoss/Material/M_Revenant_Weapon.uasset" 534
"C:/Users/utkse/Documents/Unreal Projects/MapGenerator/Content/ParagonRevenant/Characters/Heroes/Revenant/Skins/ChronoBoss/Material/MI_Revenant_EyesEffect_Inst_ChronoBoss.uasset" 535
"C:/Users/utkse/Documents/Unreal Projects/MapGenerator/Content/ParagonRevenant/Characters/Heroes/Revenant/Skins/ChronoBoss/Material/MI_Revenant_GlowEyes_Inst_ChronoBoss.uasset" 536
"C:/Users/utkse/Documents/Unreal Projects/MapGenerator/Content/ParagonRevenant/Characters/Heroes/Revenant/Skins/ChronoBoss/Meshes/Revenant_ChronoBoss.uasset" 537
"C:/Users/utkse/Documents/Unreal Projects/MapGenerator/Content/ThirdPersonCPP/Blueprints/BP_ThirdPersonCharacter.uasset" 538
"../../../Engine/Content/EngineSky/T_Sky_Blue.uasset" 539
"../../../Engine/Content/EngineSky/T_Sky_Clouds_M.uasset" 540
"../../../Engine/Content/EngineSky/T_Sky_Stars.uasset" 541
"../../../Engine/Content/EngineSky/M_Sky_Panning_Clouds2.uasset" 542
"../../../Engine/Content/EngineSky/SM_SkySphere.uasset" 543
"../../../Engine/Content/EngineSky/BP_Sky_Sphere.uasset" 544
"C:/Users/utkse/Documents/Unreal Projects/MapGenerator/Content/Geometry/Meshes/CubeMaterial.uasset" 545
"C:/Users/utkse/Documents/Unreal Projects/MapGenerator/Content/InfinityBladeIceLands/Environments/Ice/Env_Ice_Terrain/Textures/T_Env_Icy_Snow_D.uasset" 546
"C:/Users/utkse/Documents/Unreal Projects/MapGenerator/Content/InfinityBladeIceLands/Environments/Ice/Env_Ice_Terrain/Textures/T_Env_Icy_Snow_N.uasset" 547
"C:/Users/utkse/Documents/Unreal Projects/MapGenerator/Content/InfinityBladeIceLands/Environments/Ice/Env_Ice_Terrain/Materials/M_Env_Icy_Snow.uasset" 548
"C:/Users/utkse/Documents/Unreal Projects/MapGenerator/Content/Geometry/Meshes/1M_Cube.uasset" 549
"C:/Users/utkse/Documents/Unreal Projects/MapGenerator/Content/Blueprints/BP_Corridor.uasset" 550
"C:/Users/utkse/Documents/Unreal Projects/MapGenerator/Content/InfinityBladeFireLands/Environments/Fire/Env_Fire_FlameDungeon/Textures/T_Dungeon_Pipe_Lava_E.uasset" 551
"C:/Users/utkse/Documents/Unreal Projects/MapGenerator/Content/InfinityBladeFireLands/Environments/Fire/Env_Fire_FlameDungeon/Materials/M_Dungeon_Pipes_Lava.uasset" 552
"C:/Users/utkse/Documents/Unreal Projects/MapGenerator/Content/Blueprints/Widgets/BP_EndScreen.uasset" 553
"C:/Users/utkse/Documents/Unreal Projects/MapGenerator/Content/StarterContent/Materials/M_Basic_Wall.uasset" 554
"C:/Users/utkse/Documents/Unreal Projects/MapGenerator/Content/StarterContent/Shapes/Shape_Cylinder.uasset" 555
"C:/Users/utkse/Documents/Unreal Projects/MapGenerator/Content/Blueprints/BP_EndPortal.uasset" 556
"C:/Users/utkse/Documents/Unreal Projects/MapGenerator/Content/InfinityBladeIceLands/Environments/Ice/EX_Env_Ice_1/Textures/T_cliff1_D.uasset" 557
"C:/Users/utkse/Documents/Unreal Projects/MapGenerator/Content/InfinityBladeIceLands/Environments/Ice/EX_Env_Ice_1/Textures/T_cliff2_N.uasset" 558
"C:/Users/utkse/Documents/Unreal Projects/MapGenerator/Content/InfinityBladeIceLands/Environments/Ice/EX_Env_Ice_1/Materials/M_Cliff1_Ice_1.uasset" 559
"C:/Users/utkse/Documents/Unreal Projects/MapGenerator/Content/StarterContent/Textures/T_Ground_Grass_D.uasset" 560
"C:/Users/utkse/Documents/Unreal Projects/MapGenerator/Content/StarterContent/Textures/T_Ground_Grass_N.uasset" 561
"C:/Users/utkse/Documents/Unreal Projects/MapGenerator/Content/StarterContent/Textures/T_MacroVariation.uasset" 562
"C:/Users/utkse/Documents/Unreal Projects/MapGenerator/Content/StarterContent/Textures/T_Perlin_Noise_M.uasset" 563
"C:/Users/utkse/Documents/Unreal Projects/MapGenerator/Content/StarterContent/Materials/M_Ground_Grass.uasset" 564
"C:/Users/utkse/Documents/Unreal Projects/MapGenerator/Content/StarterContent/Textures/T_Wood_Floor_Walnut_D.uasset" 565
"C:/Users/utkse/Documents/Unreal Projects/MapGenerator/Content/StarterContent/Textures/T_Wood_Floor_Walnut_M.uasset" 566
"C:/Users/utkse/Documents/Unreal Projects/MapGenerator/Content/StarterContent/Textures/T_Wood_Floor_Walnut_N.uasset" 567
"C:/Users/utkse/Documents/Unreal Projects/MapGenerator/Content/StarterContent/Materials/M_Wood_Floor_Walnut_Polished.uasset" 568
"C:/Users/utkse/Documents/Unreal Projects/MapGenerator/Content/StarterContent/Textures/T_Wood_Pine_D.uasset" 569
"C:/Users/utkse/Documents/Unreal Projects/MapGenerator/Content/StarterContent/Textures/T_Wood_Pine_N.uasset" 570
"C:/Users/utkse/Documents/Unreal Projects/MapGenerator/Content/StarterContent/Materials/M_Wood_Pine.uasset" 571
"C:/Users/utkse/Documents/Unreal Projects/MapGenerator/Content/Blueprints/BP_Island.uasset" 572
"C:/Users/utkse/Documents/Unreal Projects/MapGenerator/Content/InfinityBladeFireLands/Environments/Fire/Env_Fire_Magma/Textures/T_Dungeon_Pipe_Lava_E.uasset" 573
"C:/Users/utkse/Documents/Unreal Projects/MapGenerator/Content/InfinityBladeFireLands/Environments/Fire/Env_Fire_Magma/Materials/M_Dungeon_Pipe_FlowingLava.uasset" 574
"C:/Users/utkse/Documents/Unreal Projects/MapGenerator/Content/StarterContent/Shapes/Shape_Sphere.uasset" 575
"C:/Users/utkse/Documents/Unreal Projects/MapGenerator/Content/Blueprints/Population/Events/BP_Event_ClearMonsters.uasset" 576
"C:/Users/utkse/Documents/Unreal Projects/MapGenerator/Content/Blueprints/Population/Events/BP_Event_Pentagram.uasset" 577
"C:/Users/utkse/Documents/Unreal Projects/MapGenerator/Content/InfinityBladeFireLands/Environments/Fire/Env_Fire_Terrain2/Textures/T_Fire_Lava.uasset" 578
"C:/Users/utkse/Documents/Unreal Projects/MapGenerator/Content/InfinityBladeFireLands/Environments/Fire/Env_Fire_Terrain2/Textures/T_Fire_Lava_2.uasset" 579
"C:/Users/utkse/Documents/Unreal Projects/MapGenerator/Content/InfinityBladeFireLands/Environments/Fire/Env_Fire_Terrain2/Materials/M_Lava_Pulse.uasset" 580
"C:/Users/utkse/Documents/Unreal Projects/MapGenerator/Content/Blueprints/Population/Events/BP_Event_Survive.uasset" 581
"C:/Users/utkse/Documents/Unreal Projects/MapGenerator/Content/ParagonMinions/Characters/Global/FX/Textures/Tile/Noise/T_Voronoi_Cells_02.uasset" 582
"C:/Users/utkse/Documents/Unreal Projects/MapGenerator/Content/ParagonMinions/Characters/Global/Eyes/MaterialFunctions/MinionBurn.uasset" 583
"C:/Users/utkse/Documents/Unreal Projects/MapGenerator/Content/ParagonMinions/Characters/Global/Eyes/MaterialFunctions/MF_Minion_EmissiveFX.uasset" 584
"C:/Users/utkse/Documents/Unreal Projects/MapGenerator/Content/ParagonMinions/Characters/Global/FX/Materials/Functions/MF_MinionApperation.uasset" 585
"C:/Users/utkse/Documents/Unreal Projects/MapGenerator/Content/ParagonMinions/Characters/Global/MaterialLayers/T_TestML_Mask.uasset" 586
"C:/Users/utkse/Documents/Unreal Projects/MapGenerator/Content/ParagonMinions/Characters/Global/MaterialLayers/ML__Blank.uasset" 587
"C:/Users/utkse/Documents/Unreal Projects/MapGenerator/Content/ParagonMinions/Characters/Global/ParameterCollections/OrionGlobalGameplayCollection.uasset" 588
"C:/Users/utkse/Documents/Unreal Projects/MapGenerator/Content/ParagonMinions/Characters/Global/MaterialFunctions/HitFlash.uasset" 589
"C:/Users/utkse/Documents/Unreal Projects/MapGenerator/Content/ParagonMinions/Characters/Global/MaterialFunctions/MaterialLayerConstructors/MLC_ScratchAndGrime.uasset" 590
"C:/Users/utkse/Documents/Unreal Projects/MapGenerator/Content/ParagonMinions/Characters/Global/MaterialFunctions/MaterialLayerConstructors/MLC_Standard.uasset" 591
"C:/Users/utkse/Documents/Unreal Projects/MapGenerator/Content/ParagonMinions/Characters/Global/MaterialFunctions/MF_BrightnessAdjust.uasset" 592
"C:/Users/utkse/Documents/Unreal Projects/MapGenerator/Content/ParagonMinions/Characters/Global/MaterialFunctions/Textures/T_AtmosphericCloudNoise01.uasset" 593
"C:/Users/utkse/Documents/Unreal Projects/MapGenerator/Content/ParagonMinions/Characters/Global/MaterialFunctions/Textures/T_AtmosphericCloudNoise01_N.uasset" 594
"C:/Users/utkse/Documents/Unreal Projects/MapGenerator/Content/ParagonMinions/Characters/Global/MaterialFunctions/Textures/T_AtmosphericCloudNoise03.uasset" 595
"C:/Users/utkse/Documents/Unreal Projects/MapGenerator/Content/ParagonMinions/Characters/Global/MaterialFunctions/MF_DeathFade.uasset" 596
"C:/Users/utkse/Documents/Unreal Projects/MapGenerator/Content/ParagonMinions/Characters/Global/MaterialLayers/Metal/T_Blue_Metal02.uasset" 597
"C:/Users/utkse/Documents/Unreal Projects/MapGenerator/Content/ParagonMinions/Characters/Global/MaterialLayers/Rubber/T_Blank_N.uasset" 598
"C:/Users/utkse/Documents/Unreal Projects/MapGenerator/Content/ParagonMinions/Characters/Global/MaterialLayers/Metal/ML_blue_Metal.uasset" 599
"C:/Users/utkse/Documents/Unreal Projects/MapGenerator/Content/ParagonMinions/Characters/Global/MaterialFunctions/MF_OrionRimlight.uasset" 600
"C:/Users/utkse/Documents/Unreal Projects/MapGenerator/Content/ParagonMinions/Characters/Global/MaterialFunctions/MF_CharacterEffects.uasset" 601
"C:/Users/utkse/Documents/Unreal Projects/MapGenerator/Content/ParagonMinions/Characters/Global/MaterialFunctions/mf_MinionPrimeBuff.uasset" 602
"C:/Users/utkse/Documents/Unreal Projects/MapGenerator/Content/ParagonMinions/Characters/Global/MaterialFunctions/T_ThinFilm_Spectrum_COLOR.uasset" 603
"C:/Users/utkse/Documents/Unreal Projects/MapGenerator/Content/ParagonMinions/Characters/Global/MaterialFunctions/MF_ThinFilm_Frensel.uasset" 604
"C:/Users/utkse/Documents/Unreal Projects/MapGenerator/Content/ParagonMinions/Characters/Minions/Dusk_Minions/Textures/Super/T_Minion_Dusk_Super_COL.uasset" 605
"C:/Users/utkse/Documents/Unreal Projects/MapGenerator/Content/ParagonMinions/Characters/Minions/Dusk_Minions/Textures/Super/T_Minion_Dusk_Super_N.uasset" 606
"C:/Users/utkse/Documents/Unreal Projects/MapGenerator/Content/ParagonMinions/Characters/Minions/Dusk_Minions/Textures/Super/T_Minion_Dusk_Super_RGBAO.uasset" 607
"C:/Users/utkse/Documents/Unreal Projects/MapGenerator/Content/ParagonMinions/Characters/Minions/Dusk_Minions/Materials/Shared/M_Minion_Dusk_Parent.uasset" 608
"C:/Users/utkse/Documents/Unreal Projects/MapGenerator/Content/ParagonMinions/Characters/Minions/Dusk_Minions/Textures/Melee/T_Minion_Dusk_Melee_Core_COL.uasset" 609
"C:/Users/utkse/Documents/Unreal Projects/MapGenerator/Content/ParagonMinions/Characters/Minions/Dusk_Minions/Textures/Melee/T_Minion_Dusk_Melee_Core_N.uasset" 610
"C:/Users/utkse/Documents/Unreal Projects/MapGenerator/Content/ParagonMinions/Characters/Minions/Dusk_Minions/Textures/Melee/T_Minion_Dusk_Melee_Core_RGBAO.uasset" 611
"C:/Users/utkse/Documents/Unreal Projects/MapGenerator/Content/ParagonMinions/Characters/Minions/Dusk_Minions/Materials/Shared/MI_Minion_Dusk_Core.uasset" 612
"C:/Users/utkse/Documents/Unreal Projects/MapGenerator/Content/ParagonMinions/Characters/Global/NotForShip/Human_Scans/_Common/SSP_Human_Default.uasset" 613
"C:/Users/utkse/Documents/Unreal Projects/MapGenerator/Content/ParagonMinions/Characters/Minions/Dusk_Minions/Textures/Ranged/T_Minion_Dusk_Ranged_Core_COL.uasset" 614
"C:/Users/utkse/Documents/Unreal Projects/MapGenerator/Content/ParagonMinions/Characters/Minions/Dusk_Minions/Textures/Ranged/T_Minion_Dusk_Ranged_Core_N.uasset" 615
"C:/Users/utkse/Documents/Unreal Projects/MapGenerator/Content/ParagonMinions/Characters/Minions/Dusk_Minions/Textures/Ranged/T_Minion_Dusk_Ranged_Core_RGBAO.uasset" 616
"C:/Users/utkse/Documents/Unreal Projects/MapGenerator/Content/ParagonMinions/Characters/Minions/Dusk_Minions/Materials/Ranged/MI_Minion_Dusk_Ranged_Core.uasset" 617
"C:/Users/utkse/Documents/Unreal Projects/MapGenerator/Content/Meshes/SM_Minion_SKeletonRanged.uasset" 618
"C:/Users/utkse/Documents/Unreal Projects/MapGenerator/Content/Blueprints/Population/Monsters/Tier1/BP_Monster_Ranged.uasset" 619
"C:/Users/utkse/Documents/Unreal Projects/MapGenerator/Content/ParagonMinions/Characters/Global/MaterialFunctions/MaterialLayerConstructors/MF_BaseColorTintAndContrast.uasset" 620
"C:/Users/utkse/Documents/Unreal Projects/MapGenerator/Content/ParagonMinions/Characters/Global/MaterialFunctions/MaterialLayerConstructors/MF_RoughnessAdjustment.uasset" 621
"C:/Users/utkse/Documents/Unreal Projects/MapGenerator/Content/ParagonMinions/Characters/Global/MaterialFunctions/MaterialLayerConstructors/MLC_SolidValues.uasset" 622
"C:/Users/utkse/Documents/Unreal Projects/MapGenerator/Content/ParagonMinions/Characters/Global/T_Black_Linear.uasset" 623
"C:/Users/utkse/Documents/Unreal Projects/MapGenerator/Content/ParagonMinions/Characters/Global/MaterialFunctions/MF_OrionCharacterAO.uasset" 624
"C:/Users/utkse/Documents/Unreal Projects/MapGenerator/Content/ParagonMinions/Characters/Global/MaterialLayers/Foliage/T_MossMesh_Ground_N.uasset" 625
"C:/Users/utkse/Documents/Unreal Projects/MapGenerator/Content/ParagonMinions/Characters/Global/MaterialLayers/Foliage/T_MossMesh_Ground_Mipfix.uasset" 626
"C:/Users/utkse/Documents/Unreal Projects/MapGenerator/Content/ParagonMinions/Characters/Global/MaterialLayers/Foliage/ML_Moss.uasset" 627
"C:/Users/utkse/Documents/Unreal Projects/MapGenerator/Content/ParagonMinions/Characters/Global/MaterialLayers/Metal/T_IronRust_Tile_N.uasset" 628
"C:/Users/utkse/Documents/Unreal Projects/MapGenerator/Content/ParagonMinions/Characters/Global/MaterialLayers/Metal/T_RoughMetal01_N2.uasset" 629
"C:/Users/utkse/Documents/Unreal Projects/MapGenerator/Content/ParagonMinions/Characters/Minions/Prime_Helix/Textures/T_IronRust_Tile_2_D.uasset" 630
"C:/Users/utkse/Documents/Unreal Projects/MapGenerator/Content/ParagonMinions/Characters/Global/MaterialLayers/Metal/ML_Rust04.uasset" 631
"C:/Users/utkse/Documents/Unreal Projects/MapGenerator/Content/ParagonMinions/Characters/Global/MaterialLayers/Metal/ML_shinyMetal.uasset" 632
"C:/Users/utkse/Documents/Unreal Projects/MapGenerator/Content/ParagonMinions/Characters/Global/MaterialLayers/Metal/T_RoughMetal01_N.uasset" 633
"C:/Users/utkse/Documents/Unreal Projects/MapGenerator/Content/ParagonMinions/Characters/Global/MaterialLayers/Metal/T_RoughMetal01.uasset" 634
"C:/Users/utkse/Documents/Unreal Projects/MapGenerator/Content/ParagonMinions/Characters/Global/MaterialLayers/Metal/ML_Steel.uasset" 635
"C:/Users/utkse/Documents/Unreal Projects/MapGenerator/Content/ParagonMinions/Characters/Global/MaterialLayers/Special/T_SkinMud.uasset" 636
"C:/Users/utkse/Documents/Unreal Projects/MapGenerator/Content/ParagonMinions/Characters/Global/MaterialLayers/Special/T_SoilMud2_N.uasset" 637
"C:/Users/utkse/Documents/Unreal Projects/MapGenerator/Content/ParagonMinions/Characters/Global/MaterialLayers/Special/ML_Mud.uasset" 638
"C:/Users/utkse/Documents/Unreal Projects/MapGenerator/Content/ParagonMinions/Characters/Global/MaterialLayers/Painted/T_PaintScratches.uasset" 639
"C:/Users/utkse/Documents/Unreal Projects/MapGenerator/Content/ParagonMinions/Characters/Global/MaterialLayers/Synthetics/T_ML_CleanPlastic01.uasset" 640
"C:/Users/utkse/Documents/Unreal Projects/MapGenerator/Content/ParagonMinions/Characters/Global/MaterialLayers/Special/ML_WhiteClearCoat3.uasset" 641
"../../../Engine/Content/MaterialTemplates/Textures/T_Noise01.uasset" 642
"C:/Users/utkse/Documents/Unreal Projects/MapGenerator/Content/ParagonMinions/Characters/Global/MaterialLayers/Synthetics/Grime.uasset" 643
"C:/Users/utkse/Documents/Unreal Projects/MapGenerator/Content/ParagonMinions/Characters/Global/MaterialLayers/Metal/T_Blank_N.uasset" 644
"C:/Users/utkse/Documents/Unreal Projects/MapGenerator/Content/ParagonMinions/Characters/Global/MaterialLayers/Synthetics/T_Kurohane_Eye_D.uasset" 645
"C:/Users/utkse/Documents/Unreal Projects/MapGenerator/Content/ParagonMinions/Characters/Global/MaterialLayers/Synthetics/ML_Gem.uasset" 646
"C:/Users/utkse/Documents/Unreal Projects/MapGenerator/Content/ParagonMinions/Characters/Global/MaterialLayers/Synthetics/ML_ShinyPanelPlastic.uasset" 647
"C:/Users/utkse/Documents/Unreal Projects/MapGenerator/Content/ParagonMinions/Characters/Global/MaterialLayers/Metal/T_Rust01_N.uasset" 648
"C:/Users/utkse/Documents/Unreal Projects/MapGenerator/Content/ParagonMinions/Characters/Global/MaterialLayers/Painted/T_Cream_Painted_Metal_N.uasset" 649
"C:/Users/utkse/Documents/Unreal Projects/MapGenerator/Content/ParagonMinions/Characters/Global/MaterialLayers/Painted/T_Cream_Paint_D.uasset" 650
"C:/Users/utkse/Documents/Unreal Projects/MapGenerator/Content/ParagonMinions/Characters/Minions/White_Camp_Minion/Materials/ML_Rust01.uasset" 651
"C:/Users/utkse/Documents/Unreal Projects/MapGenerator/Content/ParagonMinions/Characters/Buff/Buff_White/Textures/Chain_SubsurfaceProfile.uasset" 652
"C:/Users/utkse/Documents/Unreal Projects/MapGenerator/Content/ParagonMinions/Characters/Buff/Buff_White/Textures/T_Buff_White_Color_M.uasset" 653
"C:/Users/utkse/Documents/Unreal Projects/MapGenerator/Content/ParagonMinions/Characters/Buff/Buff_White/Textures/T_Buff_White_Leaves_Wires_D.uasset" 654
"C:/Users/utkse/Documents/Unreal Projects/MapGenerator/Content/ParagonMinions/Characters/Buff/Buff_White/Textures/T_Buff_White_N.uasset" 655
"C:/Users/utkse/Documents/Unreal Projects/MapGenerator/Content/ParagonMinions/Characters/Buff/Buff_White/Textures/T_Buff_White_RGB.uasset" 656
"C:/Users/utkse/Documents/Unreal Projects/MapGenerator/Content/ParagonMinions/Characters/Buff/Buff_White/Textures/T_Buff_White_Scratches_M.uasset" 657
"C:/Users/utkse/Documents/Unreal Projects/MapGenerator/Content/ParagonMinions/Characters/Buff/Buff_White/Materials/M_Buff_White.uasset" 658
"C:/Users/utkse/Documents/Unreal Projects/MapGenerator/Content/Meshes/SM_Minion_SkeletonBruiser.uasset" 659
"C:/Users/utkse/Documents/Unreal Projects/MapGenerator/Content/Blueprints/Population/Monsters/Tier1/BP_Monster_Warrior.uasset" 660
"C:/Users/utkse/Documents/Unreal Projects/MapGenerator/Content/ParagonMinions/Characters/Minions/Down_Minions/Textures/Super/T_Minion_Dawn_Super_D.uasset" 661
"C:/Users/utkse/Documents/Unreal Projects/MapGenerator/Content/ParagonMinions/Characters/Minions/Down_Minions/Textures/Super/T_Minion_Dawn_Super_MASK01.uasset" 662
"C:/Users/utkse/Documents/Unreal Projects/MapGenerator/Content/ParagonMinions/Characters/Minions/Down_Minions/Textures/Super/T_Minion_Dawn_Super_N.uasset" 663
"C:/Users/utkse/Documents/Unreal Projects/MapGenerator/Content/ParagonMinions/Characters/Minions/Down_Minions/Materials/Shared/M_Dawn_Minion_MASTER.uasset" 664
"C:/Users/utkse/Documents/Unreal Projects/MapGenerator/Content/ParagonMinions/Characters/Minions/Down_Minions/Textures/Melee/Core/T_Minion_Dawn_Core_Melee_D.uasset" 665
"C:/Users/utkse/Documents/Unreal Projects/MapGenerator/Content/ParagonMinions/Characters/Minions/Down_Minions/Textures/Melee/Core/T_Minion_Dawn_Core_Melee_MASK01.uasset" 666
"C:/Users/utkse/Documents/Unreal Projects/MapGenerator/Content/ParagonMinions/Characters/Minions/Down_Minions/Textures/Melee/Core/T_Minion_Dawn_Core_Melee_N.uasset" 667
"C:/Users/utkse/Documents/Unreal Projects/MapGenerator/Content/ParagonMinions/Characters/Minions/Down_Minions/Materials/Melee/M_Dawn_Minion_Melee_Core.uasset" 668
"C:/Users/utkse/Documents/Unreal Projects/MapGenerator/Content/Meshes/SM_Minion_Assassin.uasset" 669
"C:/Users/utkse/Documents/Unreal Projects/MapGenerator/Content/Blueprints/Population/Monsters/Tier2/BP_Monster_Assassin.uasset" 670
"C:/Users/utkse/Documents/Unreal Projects/MapGenerator/Content/ParagonMinions/Characters/Global/MaterialLayers/Metal/ML_DullPanelMetal.uasset" 671
"C:/Users/utkse/Documents/Unreal Projects/MapGenerator/Content/ParagonMinions/Characters/Global/MaterialLayers/Metal/ML_DullPanelMetal_01.uasset" 672
"C:/Users/utkse/Documents/Unreal Projects/MapGenerator/Content/ParagonMinions/Characters/Global/MaterialLayers/Metal/T_ML_Gold_Metal01.uasset" 673
"C:/Users/utkse/Documents/Unreal Projects/MapGenerator/Content/ParagonMinions/Characters/Global/MaterialLayers/Metal/ML_Gold_Metal02.uasset" 674
"C:/Users/utkse/Documents/Unreal Projects/MapGenerator/Content/ParagonMinions/Characters/Global/MaterialLayers/Metal/T_IronRust_Tile_D.uasset" 675
"C:/Users/utkse/Documents/Unreal Projects/MapGenerator/Content/ParagonMinions/Characters/Global/MaterialLayers/Metal/ML_Rust02.uasset" 676
"C:/Users/utkse/Documents/Unreal Projects/MapGenerator/Content/ParagonMinions/Characters/Global/MaterialLayers/Metal/T_ML_Aluminum01_N.uasset" 677
"C:/Users/utkse/Documents/Unreal Projects/MapGenerator/Content/ParagonMinions/Characters/Global/MaterialLayers/Metal/T_ML_Aluminum01.uasset" 678
"C:/Users/utkse/Documents/Unreal Projects/MapGenerator/Content/ParagonMinions/Characters/Global/MaterialLayers/Metal/ML_SoftMetalBright.uasset" 679
"C:/Users/utkse/Documents/Unreal Projects/MapGenerator/Content/ParagonMinions/Characters/Global/MaterialLayers/Rubber/T_ML_FineRubber.uasset" 680
"C:/Users/utkse/Documents/Unreal Projects/MapGenerator/Content/ParagonMinions/Characters/Global/MaterialLayers/Rubber/ML_GlossRubber_11.uasset" 681
"C:/Users/utkse/Documents/Unreal Projects/MapGenerator/Content/ParagonMinions/Characters/Minions/Prime_Helix/Textures/T_Prime_Helix_Limbs_Blend_Masks.uasset" 682
"C:/Users/utkse/Documents/Unreal Projects/MapGenerator/Content/ParagonMinions/Characters/Minions/Prime_Helix/Textures/T_Prime_Helix_Minion_Grime_Masks.uasset" 683
"C:/Users/utkse/Documents/Unreal Projects/MapGenerator/Content/ParagonMinions/Characters/Minions/Prime_Helix/Textures/T_Prime_Helix_Minion_Limbs_N.uasset" 684
"C:/Users/utkse/Documents/Unreal Projects/MapGenerator/Content/ParagonMinions/Characters/Minions/Prime_Helix/Textures/T_Prime_Helix_Torso_Scratches.uasset" 685
"C:/Users/utkse/Documents/Unreal Projects/MapGenerator/Content/ParagonMinions/Characters/Minions/Prime_Helix/Textures/T_PrimeHelixMinionLimbsBreakoutMask.uasset" 686
"C:/Users/utkse/Documents/Unreal Projects/MapGenerator/Content/ParagonMinions/Characters/Minions/Prime_Helix/Materials/M_Prime_Helix_Limbs_02.uasset" 687
"C:/Users/utkse/Documents/Unreal Projects/MapGenerator/Content/ParagonMinions/Characters/Minions/Prime_Helix/Textures/T_Prime_Helix_Torso_Breakout_Masks.uasset" 688
"C:/Users/utkse/Documents/Unreal Projects/MapGenerator/Content/ParagonMinions/Characters/Minions/Prime_Helix/Materials/mf_PrimeHelix_Torso_EmissiveFX.uasset" 689
"C:/Users/utkse/Documents/Unreal Projects/MapGenerator/Content/ParagonMinions/Characters/Minions/Prime_Helix/Textures/T_Prime_Helix_Minion_Torso_M.uasset" 690
"C:/Users/utkse/Documents/Unreal Projects/MapGenerator/Content/ParagonMinions/Characters/Minions/Prime_Helix/Textures/T_Prime_Helix_Minion_Torso_N.uasset" 691
"C:/Users/utkse/Documents/Unreal Projects/MapGenerator/Content/ParagonMinions/Characters/Minions/Prime_Helix/Textures/T_Prime_Helix_Torso_Blend_Masks.uasset" 692
"C:/Users/utkse/Documents/Unreal Projects/MapGenerator/Content/ParagonMinions/Characters/Minions/Prime_Helix/Materials/M_Prime_Helix_Torso_V1.uasset" 693
"../../../Engine/Content/Functions/Engine_MaterialFunctions03/Blends/Blend_ColorDodge.uasset" 694
"C:/Users/utkse/Documents/Unreal Projects/MapGenerator/Content/ParagonMinions/Characters/Minions/Prime_Helix/Textures/T_Prime_Helix_Minion_Torso_Visor.uasset" 695
"C:/Users/utkse/Documents/Unreal Projects/MapGenerator/Content/ParagonMinions/Characters/Minions/Prime_Helix/Materials/M_Prime_Helix_Visor.uasset" 696
"C:/Users/utkse/Documents/Unreal Projects/MapGenerator/Content/Meshes/SM_Minion_Mage.uasset" 697
"C:/Users/utkse/Documents/Unreal Projects/MapGenerator/Content/Blueprints/Population/Monsters/Tier2/BP_Monster_Mage.uasset" 698
"C:/Users/utkse/Documents/Unreal Projects/MapGenerator/Content/ParagonMinions/Characters/Minions/Down_Minions/Textures/Super/T_Mat_Super_Dawn_Core_D.uasset" 699
"C:/Users/utkse/Documents/Unreal Projects/MapGenerator/Content/ParagonMinions/Characters/Minions/Down_Minions/Textures/Super/T_Mat_Super_Dawn_Core_MASK01.uasset" 700
"C:/Users/utkse/Documents/Unreal Projects/MapGenerator/Content/ParagonMinions/Characters/Minions/Down_Minions/Textures/Super/T_Mat_Super_Dawn_Core_N.uasset" 701
"C:/Users/utkse/Documents/Unreal Projects/MapGenerator/Content/ParagonMinions/Characters/Minions/Down_Minions/Materials/Super/M_Dawn_Minion_Super_Core.uasset" 702
"C:/Users/utkse/Documents/Unreal Projects/MapGenerator/Content/Meshes/SM_Minion_Juggernaut.uasset" 703
"C:/Users/utkse/Documents/Unreal Projects/MapGenerator/Content/Blueprints/Population/Monsters/Tier3/BP_Monster_Juggernaut.uasset" 704
"C:/Users/utkse/Documents/Unreal Projects/MapGenerator/Content/ParagonSevarog/Characters/Heroes/Sevarog/Materials/M_invis.uasset" 705
"../../../Engine/Content/Functions/Engine_MaterialFunctions03/Blends/Blend_Overlay.uasset" 706
"C:/Users/utkse/Documents/Unreal Projects/MapGenerator/Content/ParagonSevarog/Characters/Global/MaterialFunctions/MaterialLayerConstructors/MF_BaseColorTintAndContrast.uasset" 707
"C:/Users/utkse/Documents/Unreal Projects/MapGenerator/Content/ParagonSevarog/Characters/Global/MaterialFunctions/MaterialLayerConstructors/MF_RoughnessAdjustment.uasset" 708
"C:/Users/utkse/Documents/Unreal Projects/MapGenerator/Content/ParagonSevarog/Characters/Global/MaterialFunctions/MaterialLayerConstructors/MLC_ScratchAndGrime.uasset" 709
"C:/Users/utkse/Documents/Unreal Projects/MapGenerator/Content/ParagonSevarog/Characters/Global/MaterialFunctions/MaterialLayerConstructors/MLC_Standard.uasset" 710
"C:/Users/utkse/Documents/Unreal Projects/MapGenerator/Content/ParagonSevarog/Characters/Global/MaterialFunctions/MF_BrightnessAdjust.uasset" 711
"C:/Users/utkse/Documents/Unreal Projects/MapGenerator/Content/ParagonSevarog/Characters/Global/MaterialFunctions/Textures/T_AtmosphericCloudNoise01.uasset" 712
"C:/Users/utkse/Documents/Unreal Projects/MapGenerator/Content/ParagonSevarog/Characters/Global/MaterialFunctions/Textures/T_AtmosphericCloudNoise01_N.uasset" 713
"C:/Users/utkse/Documents/Unreal Projects/MapGenerator/Content/ParagonSevarog/Characters/Global/MaterialFunctions/Textures/T_AtmosphericCloudNoise03.uasset" 714
"C:/Users/utkse/Documents/Unreal Projects/MapGenerator/Content/ParagonSevarog/Characters/Global/MaterialFunctions/MF_DeathFade.uasset" 715
"C:/Users/utkse/Documents/Unreal Projects/MapGenerator/Content/ParagonSevarog/Characters/Global/MaterialLayers/T_TestML_Mask.uasset" 716
"C:/Users/utkse/Documents/Unreal Projects/MapGenerator/Content/ParagonSevarog/Characters/Global/MaterialLayers/ML_Blank.uasset" 717
"C:/Users/utkse/Documents/Unreal Projects/MapGenerator/Content/ParagonSevarog/Characters/Global/ParameterCollections/OrionGlobalGameplayCollection.uasset" 718
"C:/Users/utkse/Documents/Unreal Projects/MapGenerator/Content/ParagonSevarog/Characters/Global/MaterialFunctions/MF_HitFlash.uasset" 719
"C:/Users/utkse/Documents/Unreal Projects/MapGenerator/Content/ParagonSevarog/Characters/Global/MaterialLayers/Metal/T_Blue_Metal02.uasset" 720
"C:/Users/utkse/Documents/Unreal Projects/MapGenerator/Content/ParagonSevarog/Characters/Global/MaterialLayers/Rubber/T_Blank_N.uasset" 721
"C:/Users/utkse/Documents/Unreal Projects/MapGenerator/Content/ParagonSevarog/Characters/Global/MaterialLayers/Metal/ML_blue_Metal.uasset" 722
"C:/Users/utkse/Documents/Unreal Projects/MapGenerator/Content/ParagonSevarog/Characters/Global/MaterialFunctions/MF_OrionRimlight.uasset" 723
"C:/Users/utkse/Documents/Unreal Projects/MapGenerator/Content/ParagonSevarog/Characters/Global/MaterialFunctions/MF_CharacterEffects.uasset" 724
"C:/Users/utkse/Documents/Unreal Projects/MapGenerator/Content/ParagonSevarog/Characters/Global/MaterialFunctions/MF_ClothShading.uasset" 725
"C:/Users/utkse/Documents/Unreal Projects/MapGenerator/Content/ParagonSevarog/Characters/Global/T_Black_Linear.uasset" 726
"C:/Users/utkse/Documents/Unreal Projects/MapGenerator/Content/ParagonSevarog/Characters/Global/MaterialFunctions/MF_OrionCharacterAO.uasset" 727
"C:/Users/utkse/Documents/Unreal Projects/MapGenerator/Content/ParagonSevarog/Characters/Global/MaterialLayers/Fabric/T_ML_Fabric_Blue_Medium_N.uasset" 728
"C:/Users/utkse/Documents/Unreal Projects/MapGenerator/Content/ParagonSevarog/Characters/Global/MaterialLayers/Fabric/T_ML_Fabric_Dirty.uasset" 729
"C:/Users/utkse/Documents/Unreal Projects/MapGenerator/Content/ParagonSevarog/Characters/Global/MaterialLayers/Fabric/ML_Fabric_Dirty.uasset" 730
"C:/Users/utkse/Documents/Unreal Projects/MapGenerator/Content/ParagonSevarog/Characters/Global/MaterialLayers/Leather/T_Dark_Leather_N.uasset" 731
"C:/Users/utkse/Documents/Unreal Projects/MapGenerator/Content/ParagonSevarog/Characters/Global/MaterialLayers/Leather/T_Dark_Leather2_desat.uasset" 732
"C:/Users/utkse/Documents/Unreal Projects/MapGenerator/Content/ParagonSevarog/Characters/Global/MaterialLayers/Leather/T_leather_02.uasset" 733
"C:/Users/utkse/Documents/Unreal Projects/MapGenerator/Content/ParagonSevarog/Characters/Global/MaterialLayers/Leather/ML_Dark_Leather02_Brown_3.uasset" 734
"C:/Users/utkse/Documents/Unreal Projects/MapGenerator/Content/ParagonSevarog/Characters/Global/MaterialLayers/Metal/T_RoughMetal01_N2.uasset" 735
"C:/Users/utkse/Documents/Unreal Projects/MapGenerator/Content/ParagonSevarog/Characters/Heroes/Sevarog/Textures/T_IronRust_Tile_D.uasset" 736
"C:/Users/utkse/Documents/Unreal Projects/MapGenerator/Content/ParagonSevarog/Characters/Heroes/Sevarog/Textures/T_IronRust_Tile_N.uasset" 737
"C:/Users/utkse/Documents/Unreal Projects/MapGenerator/Content/ParagonSevarog/Characters/Global/MaterialLayers/Metal/ML_Rust02.uasset" 738
"C:/Users/utkse/Documents/Unreal Projects/MapGenerator/Content/ParagonSevarog/Characters/Global/MaterialLayers/Metal/T_RoughMetal01_N.uasset" 739
"C:/Users/utkse/Documents/Unreal Projects/MapGenerator/Content/ParagonSevarog/Characters/Global/MaterialLayers/Metal/T_RoughMetal01.uasset" 740
"C:/Users/utkse/Documents/Unreal Projects/MapGenerator/Content/ParagonSevarog/Characters/Global/MaterialLayers/Metal/ML_Steel.uasset" 741
"C:/Users/utkse/Documents/Unreal Projects/MapGenerator/Content/ParagonSevarog/Characters/Global/MaterialLayers/Rock/T_Weathered__Detail001_Mask.uasset" 742
"C:/Users/utkse/Documents/Unreal Projects/MapGenerator/Content/ParagonSevarog/Characters/Heroes/Sevarog/Skins/Tier_1_5/MaskedReaper/Textures/T_Sevarog_porcelainmaskB.uasset" 743
"C:/Users/utkse/Documents/Unreal Projects/MapGenerator/Content/ParagonSevarog/Characters/Heroes/Sevarog/Textures/T_Sevarog_Torso_Mask.uasset" 744
"C:/Users/utkse/Documents/Unreal Projects/MapGenerator/Content/ParagonSevarog/Characters/Heroes/Sevarog/Textures/T_Sevarog_Torso_Mask1.uasset" 745
"C:/Users/utkse/Documents/Unreal Projects/MapGenerator/Content/ParagonSevarog/Characters/Heroes/Sevarog/Textures/T_Sevarog_Torso_N.uasset" 746
"C:/Users/utkse/Documents/Unreal Projects/MapGenerator/Content/ParagonSevarog/Characters/Heroes/Sevarog/Textures/T_Sevarog_Torso_RGB.uasset" 747
"C:/Users/utkse/Documents/Unreal Projects/MapGenerator/Content/ParagonSevarog/Characters/Heroes/Sevarog/Textures/T_UnpleasentGrime_D.uasset" 748
"C:/Users/utkse/Documents/Unreal Projects/MapGenerator/Content/ParagonSevarog/Characters/Heroes/Sevarog/Skins/Tier_1_5/MaskedReaper/Materials/M_Sevarog_MaskedReaperTorso.uasset" 749
"C:/Users/utkse/Documents/Unreal Projects/MapGenerator/Content/ParagonSevarog/Characters/Global/MaterialLayers/Rubber/T_ML_FineRubber_N.uasset" 750
"C:/Users/utkse/Documents/Unreal Projects/MapGenerator/Content/ParagonSevarog/Characters/Global/MaterialLayers/Synthetics/ML_FlatPaint.uasset" 751
"C:/Users/utkse/Documents/Unreal Projects/MapGenerator/Content/ParagonSevarog/Characters/Global/MaterialLayers/Rock/T_Gem_Translucent_01_RGBA.uasset" 752
"C:/Users/utkse/Documents/Unreal Projects/MapGenerator/Content/ParagonSevarog/Characters/Heroes/Sevarog/Skins/Tier_1_5/MaskedReaper/Textures/T_Sevarog_porcelainmaskA.uasset" 753
"C:/Users/utkse/Documents/Unreal Projects/MapGenerator/Content/ParagonSevarog/Characters/Heroes/Sevarog/Textures/T_Sevarog_ArmourR_Mask.uasset" 754
"C:/Users/utkse/Documents/Unreal Projects/MapGenerator/Content/ParagonSevarog/Characters/Heroes/Sevarog/Textures/T_Sevarog_ArmourR_N.uasset" 755
"C:/Users/utkse/Documents/Unreal Projects/MapGenerator/Content/ParagonSevarog/Characters/Heroes/Sevarog/Skins/Tier_1_5/MaskedReaper/Materials/M_Sevarog_MaskReaperArmorRuins2.uasset" 756
"C:/Users/utkse/Documents/Unreal Projects/MapGenerator/Content/ParagonSevarog/Characters/Global/MaterialLayers/Leather/T_Dark_Leather.uasset" 757
"C:/Users/utkse/Documents/Unreal Projects/MapGenerator/Content/ParagonSevarog/Characters/Global/MaterialLayers/Leather/ML_Dark_Leather_Brown.uasset" 758
"C:/Users/utkse/Documents/Unreal Projects/MapGenerator/Content/ParagonSevarog/Characters/Global/MaterialLayers/Metal/T_Rust01_N.uasset" 759
"C:/Users/utkse/Documents/Unreal Projects/MapGenerator/Content/ParagonSevarog/Characters/Global/MaterialLayers/Leather/T_Worn_Under_Leather.uasset" 760
"C:/Users/utkse/Documents/Unreal Projects/MapGenerator/Content/ParagonSevarog/Characters/Global/MaterialLayers/Leather/ML_Worn_Under_Leather.uasset" 761
"C:/Users/utkse/Documents/Unreal Projects/MapGenerator/Content/ParagonSevarog/Characters/Global/MaterialLayers/Metal/T_Sevarog_Machine_Base_RGB.uasset" 762
"C:/Users/utkse/Documents/Unreal Projects/MapGenerator/Content/ParagonSevarog/Characters/Global/MaterialLayers/Metal/ML_Steel_rough.uasset" 763
"C:/Users/utkse/Documents/Unreal Projects/MapGenerator/Content/ParagonSevarog/Characters/Heroes/Sevarog/Textures/T_Sevarog_Arms_BackCloth_Mask1.uasset" 764
"C:/Users/utkse/Documents/Unreal Projects/MapGenerator/Content/ParagonSevarog/Characters/Heroes/Sevarog/Textures/T_Sevarog_Arms_BackCloth_N.uasset" 765
"C:/Users/utkse/Documents/Unreal Projects/MapGenerator/Content/ParagonSevarog/Characters/Heroes/Sevarog/Textures/T_Sevarog_Arms_BackCloth_RGB.uasset" 766
"C:/Users/utkse/Documents/Unreal Projects/MapGenerator/Content/ParagonSevarog/Characters/Heroes/Sevarog/Skins/Tier_1_5/MaskedReaper/Materials/M_Sevarog_MaskReaperBack_01.uasset" 767
"C:/Users/utkse/Documents/Unreal Projects/MapGenerator/Content/ParagonSevarog/Characters/Global/MaterialLayers/Leather/ML_Dark_Leather01_Stained.uasset" 768
"C:/Users/utkse/Documents/Unreal Projects/MapGenerator/Content/ParagonSevarog/Characters/Heroes/Sevarog/Skins/Tier_1_5/MaskedReaper/Textures/T_Sevarog_porcelainmaskc.uasset" 769
"C:/Users/utkse/Documents/Unreal Projects/MapGenerator/Content/ParagonSevarog/Characters/Heroes/Sevarog/Textures/T_Sevarog_Belt_Chainmall_Hammer_Mask.uasset" 770
"C:/Users/utkse/Documents/Unreal Projects/MapGenerator/Content/ParagonSevarog/Characters/Heroes/Sevarog/Textures/T_Sevarog_Belt_Chainmall_Hammer_Mask1.uasset" 771
"C:/Users/utkse/Documents/Unreal Projects/MapGenerator/Content/ParagonSevarog/Characters/Heroes/Sevarog/Textures/T_Sevarog_Belt_Chainmall_Hammer_N.uasset" 772
"C:/Users/utkse/Documents/Unreal Projects/MapGenerator/Content/ParagonSevarog/Characters/Heroes/Sevarog/Textures/T_Sevarog_Belt_Chainmall_Hammer_RGB.uasset" 773
"C:/Users/utkse/Documents/Unreal Projects/MapGenerator/Content/ParagonSevarog/Characters/Heroes/Sevarog/Skins/Tier_1_5/MaskedReaper/Materials/M_Sevarog_MaskReaperChainmail.uasset" 774
"C:/Users/utkse/Documents/Unreal Projects/MapGenerator/Content/ParagonSevarog/Characters/Heroes/Sevarog/Skins/Tier_1_5/MaskedReaper/Textures/T_Sevarog_porcelainrockcolor.uasset" 775
"C:/Users/utkse/Documents/Unreal Projects/MapGenerator/Content/ParagonSevarog/Characters/Heroes/Sevarog/Skins/Tier_1_5/MaskedReaper/Materials/MF_Sevarog_Porcelain.uasset" 776
"C:/Users/utkse/Documents/Unreal Projects/MapGenerator/Content/ParagonSevarog/Characters/Heroes/Sevarog/Skins/Tier_1_5/MaskedReaper/Materials/M_Sevarog_MaskReaperer.uasset" 777
"C:/Users/utkse/Documents/Unreal Projects/MapGenerator/Content/Meshes/SM_Monster_Necromancer.uasset" 778
"C:/Users/utkse/Documents/Unreal Projects/MapGenerator/Content/Blueprints/Population/Monsters/Tier3/BP_Monster_Necromancer.uasset" 779
"../../../Engine/Content/EngineResources/DefaultTexture.uasset" 780
"C:/Users/utkse/Documents/Unreal Projects/MapGenerator/Content/FXVarietyPack/Materials/Mfunction/MF_ky_UVcontrol_4x4.uasset" 781
"C:/Users/utkse/Documents/Unreal Projects/MapGenerator/Content/FXVarietyPack/Textures/T_ky_dust01_4x4.uasset" 782
"C:/Users/utkse/Documents/Unreal Projects/MapGenerator/Content/FXVarietyPack/Textures/T_ky_maskRGB3.uasset" 783
"C:/Users/utkse/Documents/Unreal Projects/MapGenerator/Content/FXVarietyPack/Materials/M_ky_dust01_4x4.uasset" 784
"C:/Users/utkse/Documents/Unreal Projects/MapGenerator/Content/FXVarietyPack/Materials/M_ky_empty.uasset" 785
"C:/Users/utkse/Documents/Unreal Projects/MapGenerator/Content/FXVarietyPack/Textures/T_ky_bg.uasset" 786
"C:/Users/utkse/Documents/Unreal Projects/MapGenerator/Content/FXVarietyPack/Materials/M_ky_subUV01.uasset" 787
"C:/Users/utkse/Documents/Unreal Projects/MapGenerator/Content/FXVarietyPack/Textures/T_ky_aura011_4x4.uasset" 788
"C:/Users/utkse/Documents/Unreal Projects/MapGenerator/Content/FXVarietyPack/Materials/MI_ky_aura011_4x4.uasset" 789
"C:/Users/utkse/Documents/Unreal Projects/MapGenerator/Content/FXVarietyPack/Materials/MI_ky_aura011_4x4_nonD.uasset" 790
"C:/Users/utkse/Documents/Unreal Projects/MapGenerator/Content/FXVarietyPack/Textures/T_ky_noise13_sml_nor.uasset" 791
"C:/Users/utkse/Documents/Unreal Projects/MapGenerator/Content/FXVarietyPack/Textures/T_ky_smoke03.uasset" 792
"C:/Users/utkse/Documents/Unreal Projects/MapGenerator/Content/FXVarietyPack/Materials/M_ky_auraWall02.uasset" 793
"C:/Users/utkse/Documents/Unreal Projects/MapGenerator/Content/FXVarietyPack/Materials/MI_ky_auraWall02_two.uasset" 794
"C:/Users/utkse/Documents/Unreal Projects/MapGenerator/Content/FXVarietyPack/Textures/T_ky_auraWallWhite_4x4.uasset" 795
"C:/Users/utkse/Documents/Unreal Projects/MapGenerator/Content/FXVarietyPack/Textures/T_ky_maskCircle.uasset" 796
"C:/Users/utkse/Documents/Unreal Projects/MapGenerator/Content/FXVarietyPack/Materials/M_ky_base_anime.uasset" 797
"C:/Users/utkse/Documents/Unreal Projects/MapGenerator/Content/FXVarietyPack/Textures/T_ky_circle9_4x4.uasset" 798
"C:/Users/utkse/Documents/Unreal Projects/MapGenerator/Content/FXVarietyPack/Materials/MI_ky_circle9_4x4c2.uasset" 799
"../../../Engine/Content/Functions/Engine_MaterialFunctions01/Density/ExponentialDensity.uasset" 800
"../../../Engine/Content/Functions/Engine_MaterialFunctions01/Gradient/RadialGradientExponential.uasset" 801
"C:/Users/utkse/Documents/Unreal Projects/MapGenerator/Content/FXVarietyPack/Materials/M_ky_primitive_dyn2.uasset" 802
"C:/Users/utkse/Documents/Unreal Projects/MapGenerator/Content/FXVarietyPack/Materials/MI_ky_primitive_dynB_nonD.uasset" 803
"../../../Engine/Content/Functions/Engine_MaterialFunctions01/Gradient/DiamondGradient.uasset" 804
"C:/Users/utkse/Documents/Unreal Projects/MapGenerator/Content/FXVarietyPack/Textures/T_ky_dust_longStar.uasset" 805
"C:/Users/utkse/Documents/Unreal Projects/MapGenerator/Content/FXVarietyPack/Materials/M_ky_starDust.uasset" 806
"C:/Users/utkse/Documents/Unreal Projects/MapGenerator/Content/FXVarietyPack/Materials/MI_ky_starDust_dis.uasset" 807
"C:/Users/utkse/Documents/Unreal Projects/MapGenerator/Content/FXVarietyPack/Meshes/SM_ky_auraWall_distB_kai.uasset" 808
"C:/Users/utkse/Documents/Unreal Projects/MapGenerator/Content/FXVarietyPack/Meshes/SM_ky_cylinder_lowPoly_dist.uasset" 809
"C:/Users/utkse/Documents/Unreal Projects/MapGenerator/Content/FXVarietyPack/Meshes/SM_ky_cylinder_superLow.uasset" 810
"C:/Users/utkse/Documents/Unreal Projects/MapGenerator/Content/FXVarietyPack/Particles/P_ky_healAura.uasset" 811
"C:/Users/utkse/Documents/Unreal Projects/MapGenerator/Content/Blueprints/Population/Rewards/Tier1/BP_Reward_Hp.uasset" 812
"C:/Users/utkse/Documents/Unreal Projects/MapGenerator/Content/FXVarietyPack/Textures/T_ky_noise6.uasset" 813
"C:/Users/utkse/Documents/Unreal Projects/MapGenerator/Content/FXVarietyPack/Textures/T_ky_smoke1.uasset" 814
"C:/Users/utkse/Documents/Unreal Projects/MapGenerator/Content/FXVarietyPack/Materials/M_ky_smoke01.uasset" 815
"C:/Users/utkse/Documents/Unreal Projects/MapGenerator/Content/FXVarietyPack/Materials/MI_ky_smoke01.uasset" 816
"C:/Users/utkse/Documents/Unreal Projects/MapGenerator/Content/FXVarietyPack/Materials/MI_ky_smoke01b.uasset" 817
"C:/Users/utkse/Documents/Unreal Projects/MapGenerator/Content/FXVarietyPack/Particles/P_ky_thunderBall.uasset" 818
"C:/Users/utkse/Documents/Unreal Projects/MapGenerator/Content/Blueprints/Population/Rewards/Tier1/BP_Reward_Stamina.uasset" 819
"C:/Users/utkse/Documents/Unreal Projects/MapGenerator/Content/FXVarietyPack/Textures/T_ky_flare_a.uasset" 820
"C:/Users/utkse/Documents/Unreal Projects/MapGenerator/Content/FXVarietyPack/Materials/M_ky_flare_flash.uasset" 821
"C:/Users/utkse/Documents/Unreal Projects/MapGenerator/Content/FXVarietyPack/Textures/T_ky_stone02_2x2.uasset" 822
"C:/Users/utkse/Documents/Unreal Projects/MapGenerator/Content/FXVarietyPack/Materials/M_ky_stone02.uasset" 823
"../../../Engine/Content/Functions/Engine_MaterialFunctions03/Texturing/TwoSidedTexturing.uasset" 824
"C:/Users/utkse/Documents/Unreal Projects/MapGenerator/Content/FXVarietyPack/Materials/Mfunction/MF_ky_AddHilight.uasset" 825
"C:/Users/utkse/Documents/Unreal Projects/MapGenerator/Content/FXVarietyPack/Materials/Mfunction/MF_ky_MaskToTopUnder.uasset" 826
"C:/Users/utkse/Documents/Unreal Projects/MapGenerator/Content/FXVarietyPack/Textures/T_ky_noise5.uasset" 827
"C:/Users/utkse/Documents/Unreal Projects/MapGenerator/Content/FXVarietyPack/Materials/Mfunction/MF_ky_TexController.uasset" 828
"C:/Users/utkse/Documents/Unreal Projects/MapGenerator/Content/FXVarietyPack/Materials/Mfunction/MF_ky_TexController_primitive.uasset" 829
"C:/Users/utkse/Documents/Unreal Projects/MapGenerator/Content/FXVarietyPack/Textures/T_ky_noise17.uasset" 830
"C:/Users/utkse/Documents/Unreal Projects/MapGenerator/Content/FXVarietyPack/Materials/M_ky_storm01.uasset" 831
"C:/Users/utkse/Documents/Unreal Projects/MapGenerator/Content/FXVarietyPack/Textures/T_ky_noise4.uasset" 832
"C:/Users/utkse/Documents/Unreal Projects/MapGenerator/Content/FXVarietyPack/Materials/M_ky_stormDeco01.uasset" 833
"C:/Users/utkse/Documents/Unreal Projects/MapGenerator/Content/FXVarietyPack/Materials/MI_ky_storm01_nonD.uasset" 834
"C:/Users/utkse/Documents/Unreal Projects/MapGenerator/Content/FXVarietyPack/Textures/T_ky_dist_noise.uasset" 835
"C:/Users/utkse/Documents/Unreal Projects/MapGenerator/Content/FXVarietyPack/Textures/T_ky_smoke_kai.uasset" 836
"C:/Users/utkse/Documents/Unreal Projects/MapGenerator/Content/FXVarietyPack/Materials/M_ky_base_turbulence.uasset" 837
"C:/Users/utkse/Documents/Unreal Projects/MapGenerator/Content/FXVarietyPack/Materials/MI_ky_turbulence_smoke2d_trs.uasset" 838
"C:/Users/utkse/Documents/Unreal Projects/MapGenerator/Content/FXVarietyPack/Textures/T_ky_vortex04_4x4.uasset" 839
"C:/Users/utkse/Documents/Unreal Projects/MapGenerator/Content/FXVarietyPack/Materials/M_ky_vortex04_4x4.uasset" 840
"C:/Users/utkse/Documents/Unreal Projects/MapGenerator/Content/FXVarietyPack/Materials/MI_ky_vortex04B_4x4_two.uasset" 841
"C:/Users/utkse/Documents/Unreal Projects/MapGenerator/Content/FXVarietyPack/Meshes/SM_ky_circleDist06.uasset" 842
"C:/Users/utkse/Documents/Unreal Projects/MapGenerator/Content/FXVarietyPack/Meshes/SM_ky_quad_centerRot.uasset" 843
"C:/Users/utkse/Documents/Unreal Projects/MapGenerator/Content/FXVarietyPack/Meshes/SM_ky_tornado07.uasset" 844
"C:/Users/utkse/Documents/Unreal Projects/MapGenerator/Content/FXVarietyPack/Particles/P_ky_storm.uasset" 845
"C:/Users/utkse/Documents/Unreal Projects/MapGenerator/Content/Blueprints/Population/Rewards/Tier2/BP_Reward_Armor.uasset" 846
"C:/Users/utkse/Documents/Unreal Projects/MapGenerator/Content/FXVarietyPack/Textures/T_ky_noise3.uasset" 847
"C:/Users/utkse/Documents/Unreal Projects/MapGenerator/Content/FXVarietyPack/Materials/M_ky_dynDust.uasset" 848
"C:/Users/utkse/Documents/Unreal Projects/MapGenerator/Content/FXVarietyPack/Textures/T_ky_smoke2.uasset" 849
"C:/Users/utkse/Documents/Unreal Projects/MapGenerator/Content/FXVarietyPack/Materials/MI_ky_dynDust.uasset" 850
"C:/Users/utkse/Documents/Unreal Projects/MapGenerator/Content/FXVarietyPack/Materials/MI_ky_flare_flash_trs.uasset" 851
"C:/Users/utkse/Documents/Unreal Projects/MapGenerator/Content/FXVarietyPack/Materials/MI_ky_storm01_fire.uasset" 852
"C:/Users/utkse/Documents/Unreal Projects/MapGenerator/Content/FXVarietyPack/Materials/MI_ky_storm01_fire_nonD1.uasset" 853
"C:/Users/utkse/Documents/Unreal Projects/MapGenerator/Content/FXVarietyPack/Materials/MI_ky_stormDeco01_fire.uasset" 854
"C:/Users/utkse/Documents/Unreal Projects/MapGenerator/Content/FXVarietyPack/Particles/P_ky_fireStorm.uasset" 855
"C:/Users/utkse/Documents/Unreal Projects/MapGenerator/Content/Blueprints/Population/Rewards/Tier2/BP_Reward_Weapon.uasset" 856
"C:/Users/utkse/Documents/Unreal Projects/MapGenerator/Content/FXVarietyPack/Materials/M_ky_waterDust02.uasset" 857
"C:/Users/utkse/Documents/Unreal Projects/MapGenerator/Content/FXVarietyPack/Materials/MI_ky_storm01_aqua.uasset" 858
"C:/Users/utkse/Documents/Unreal Projects/MapGenerator/Content/FXVarietyPack/Materials/MI_ky_storm01_aqua_nonD.uasset" 859
"C:/Users/utkse/Documents/Unreal Projects/MapGenerator/Content/FXVarietyPack/Materials/MI_ky_stormDeco01_aqua.uasset" 860
"C:/Users/utkse/Documents/Unreal Projects/MapGenerator/Content/FXVarietyPack/Particles/P_ky_aquaStorm.uasset" 861
"C:/Users/utkse/Documents/Unreal Projects/MapGenerator/Content/Blueprints/Population/Rewards/Tier3/BP_Reward_Ability1.uasset" 862
"C:/Users/utkse/Documents/Unreal Projects/MapGenerator/Content/FXVarietyPack/Materials/MI_ky_storm01_dark.uasset" 863
"C:/Users/utkse/Documents/Unreal Projects/MapGenerator/Content/FXVarietyPack/Materials/MI_ky_storm01_dark_nonD.uasset" 864
"C:/Users/utkse/Documents/Unreal Projects/MapGenerator/Content/FXVarietyPack/Materials/MI_ky_stormDeco01_dark.uasset" 865
"C:/Users/utkse/Documents/Unreal Projects/MapGenerator/Content/FXVarietyPack/Particles/P_ky_darkStorm.uasset" 866
"C:/Users/utkse/Documents/Unreal Projects/MapGenerator/Content/Blueprints/Population/Rewards/Tier3/BP_Reward_Ability2.uasset" 867
"C:/Users/utkse/Documents/Unreal Projects/MapGenerator/Content/Blueprints/BP_RandomMapGenerator.uasset" 868
"C:/Users/utkse/Documents/Unreal Projects/MapGenerator/Content/ThirdPersonCPP/Maps/ThirdPersonExampleMap_BuiltData.uasset" 869
"C:/Users/utkse/Documents/Unreal Projects/MapGenerator/Content/Blueprints/Widgets/BP_StartScreen.uasset" 870
"C:/Users/utkse/Documents/Unreal Projects/MapGenerator/Content/ThirdPersonCPP/Maps/ThirdPersonExampleMap.umap" 871
